2024-12-16 15:31:35,841 - loyalty_model - INFO - logging_config.py:59 - Initializing Financial Model
2024-12-16 15:31:35,842 - loyalty_model - DEBUG - logging_config.py:63 - Starting financial calculations
2024-12-16 15:31:35,842 - loyalty_model - INFO - logging_config.py:59 - Initial active users calculated: 400.0
2024-12-16 15:31:35,844 - loyalty_model - ERROR - logging_config.py:48 - Error: Selectbox index must be greater than or equal to 0 and less than the length of options.
Context: Error in main application
Traceback (most recent call last):
  File "/home/runner/LoyaltyFinancialForecastPro/main.py", line 23, in main
    selected_month = st.selectbox("Select Month", range(1, 25), 24)
                     ^^^^^^^^^^^^^^^^^^^^^^^^^^^^^^^^^^^^^^^^^^^^^^
  File "/home/runner/LoyaltyFinancialForecastPro/.pythonlibs/lib/python3.11/site-packages/streamlit/runtime/metrics_util.py", line 409, in wrapped_func
    result = non_optional_func(*args, **kwargs)
             ^^^^^^^^^^^^^^^^^^^^^^^^^^^^^^^^^^
  File "/home/runner/LoyaltyFinancialForecastPro/.pythonlibs/lib/python3.11/site-packages/streamlit/elements/widgets/selectbox.py", line 245, in selectbox
    return self._selectbox(
           ^^^^^^^^^^^^^^^^
  File "/home/runner/LoyaltyFinancialForecastPro/.pythonlibs/lib/python3.11/site-packages/streamlit/elements/widgets/selectbox.py", line 308, in _selectbox
    raise StreamlitAPIException(
streamlit.errors.StreamlitAPIException: Selectbox index must be greater than or equal to 0 and less than the length of options.
2024-12-16 15:31:38,910 - loyalty_model - INFO - logging_config.py:59 - Initializing Financial Model
2024-12-16 15:31:38,939 - loyalty_model - DEBUG - logging_config.py:63 - Starting financial calculations
2024-12-16 15:31:38,940 - loyalty_model - INFO - logging_config.py:59 - Initial active users calculated: 400.0
2024-12-16 15:31:38,943 - loyalty_model - ERROR - logging_config.py:48 - Error: Selectbox index must be greater than or equal to 0 and less than the length of options.
Context: Error in main application
Traceback (most recent call last):
  File "/home/runner/LoyaltyFinancialForecastPro/main.py", line 23, in main
    selected_month = st.selectbox("Select Month", range(1, 25), 24)
                     ^^^^^^^^^^^^^^^^^^^^^^^^^^^^^^^^^^^^^^^^^^^^^^
  File "/home/runner/LoyaltyFinancialForecastPro/.pythonlibs/lib/python3.11/site-packages/streamlit/runtime/metrics_util.py", line 409, in wrapped_func
    result = non_optional_func(*args, **kwargs)
             ^^^^^^^^^^^^^^^^^^^^^^^^^^^^^^^^^^
  File "/home/runner/LoyaltyFinancialForecastPro/.pythonlibs/lib/python3.11/site-packages/streamlit/elements/widgets/selectbox.py", line 245, in selectbox
    return self._selectbox(
           ^^^^^^^^^^^^^^^^
  File "/home/runner/LoyaltyFinancialForecastPro/.pythonlibs/lib/python3.11/site-packages/streamlit/elements/widgets/selectbox.py", line 308, in _selectbox
    raise StreamlitAPIException(
streamlit.errors.StreamlitAPIException: Selectbox index must be greater than or equal to 0 and less than the length of options.
2024-12-16 15:31:39,234 - loyalty_model - INFO - logging_config.py:59 - Initializing Financial Model
2024-12-16 15:31:39,235 - loyalty_model - DEBUG - logging_config.py:63 - Starting financial calculations
2024-12-16 15:31:39,235 - loyalty_model - INFO - logging_config.py:59 - Initial active users calculated: 400.0
2024-12-16 15:31:39,237 - loyalty_model - ERROR - logging_config.py:48 - Error: Selectbox index must be greater than or equal to 0 and less than the length of options.
Context: Error in main application
Traceback (most recent call last):
  File "/home/runner/LoyaltyFinancialForecastPro/main.py", line 23, in main
    selected_month = st.selectbox("Select Month", range(1, 25), 24)
                     ^^^^^^^^^^^^^^^^^^^^^^^^^^^^^^^^^^^^^^^^^^^^^^
  File "/home/runner/LoyaltyFinancialForecastPro/.pythonlibs/lib/python3.11/site-packages/streamlit/runtime/metrics_util.py", line 409, in wrapped_func
    result = non_optional_func(*args, **kwargs)
             ^^^^^^^^^^^^^^^^^^^^^^^^^^^^^^^^^^
  File "/home/runner/LoyaltyFinancialForecastPro/.pythonlibs/lib/python3.11/site-packages/streamlit/elements/widgets/selectbox.py", line 245, in selectbox
    return self._selectbox(
           ^^^^^^^^^^^^^^^^
  File "/home/runner/LoyaltyFinancialForecastPro/.pythonlibs/lib/python3.11/site-packages/streamlit/elements/widgets/selectbox.py", line 308, in _selectbox
    raise StreamlitAPIException(
streamlit.errors.StreamlitAPIException: Selectbox index must be greater than or equal to 0 and less than the length of options.
2024-12-16 15:31:47,411 - loyalty_model - INFO - logging_config.py:59 - Initializing Financial Model
2024-12-16 15:31:47,412 - loyalty_model - DEBUG - logging_config.py:63 - Starting financial calculations
2024-12-16 15:31:47,413 - loyalty_model - INFO - logging_config.py:59 - Initial active users calculated: 400.0
2024-12-16 15:31:47,416 - loyalty_model - ERROR - logging_config.py:48 - Error: Selectbox index must be greater than or equal to 0 and less than the length of options.
Context: Error in main application
Traceback (most recent call last):
  File "/home/runner/LoyaltyFinancialForecastPro/main.py", line 23, in main
    selected_month = st.selectbox("Select Month", range(1, 25), 24)
                     ^^^^^^^^^^^^^^^^^^^^^^^^^^^^^^^^^^^^^^^^^^^^^^
  File "/home/runner/LoyaltyFinancialForecastPro/.pythonlibs/lib/python3.11/site-packages/streamlit/runtime/metrics_util.py", line 409, in wrapped_func
    result = non_optional_func(*args, **kwargs)
             ^^^^^^^^^^^^^^^^^^^^^^^^^^^^^^^^^^
  File "/home/runner/LoyaltyFinancialForecastPro/.pythonlibs/lib/python3.11/site-packages/streamlit/elements/widgets/selectbox.py", line 245, in selectbox
    return self._selectbox(
           ^^^^^^^^^^^^^^^^
  File "/home/runner/LoyaltyFinancialForecastPro/.pythonlibs/lib/python3.11/site-packages/streamlit/elements/widgets/selectbox.py", line 308, in _selectbox
    raise StreamlitAPIException(
streamlit.errors.StreamlitAPIException: Selectbox index must be greater than or equal to 0 and less than the length of options.
2024-12-16 15:31:54,088 - loyalty_model - INFO - logging_config.py:59 - Initializing Financial Model
2024-12-16 15:31:54,089 - loyalty_model - ERROR - logging_config.py:48 - Error: st.session_state has no attribute "copy". Did you forget to initialize it? More info: https://docs.streamlit.io/develop/concepts/architecture/session-state#initialization
Context: Error in scenario: pessimistic
Traceback (most recent call last):
  File "/home/runner/LoyaltyFinancialForecastPro/.pythonlibs/lib/python3.11/site-packages/streamlit/runtime/state/session_state.py", line 455, in __getitem__
    return self._getitem(widget_id, key)
           ^^^^^^^^^^^^^^^^^^^^^^^^^^^^^
  File "/home/runner/LoyaltyFinancialForecastPro/.pythonlibs/lib/python3.11/site-packages/streamlit/runtime/state/session_state.py", line 500, in _getitem
    raise KeyError
KeyError

During handling of the above exception, another exception occurred:

Traceback (most recent call last):
  File "/home/runner/LoyaltyFinancialForecastPro/.pythonlibs/lib/python3.11/site-packages/streamlit/runtime/state/session_state_proxy.py", line 129, in __getattr__
    return self[key]
           ~~~~^^^^^
  File "/home/runner/LoyaltyFinancialForecastPro/.pythonlibs/lib/python3.11/site-packages/streamlit/runtime/state/session_state_proxy.py", line 100, in __getitem__
    return get_session_state()[key]
           ~~~~~~~~~~~~~~~~~~~^^^^^
  File "/home/runner/LoyaltyFinancialForecastPro/.pythonlibs/lib/python3.11/site-packages/streamlit/runtime/state/safe_session_state.py", line 94, in __getitem__
    return self._state[key]
           ~~~~~~~~~~~^^^^^
  File "/home/runner/LoyaltyFinancialForecastPro/.pythonlibs/lib/python3.11/site-packages/streamlit/runtime/state/session_state.py", line 457, in __getitem__
    raise KeyError(_missing_key_error_message(key))
KeyError: 'st.session_state has no key "copy". Did you forget to initialize it? More info: https://docs.streamlit.io/develop/concepts/architecture/session-state#initialization'

During handling of the above exception, another exception occurred:

Traceback (most recent call last):
  File "/home/runner/LoyaltyFinancialForecastPro/pages/2_Scenario_Analysis.py", line 39, in scenario_analysis_page
    original_state = st.session_state.copy()
                     ^^^^^^^^^^^^^^^^^^^^^
  File "/home/runner/LoyaltyFinancialForecastPro/.pythonlibs/lib/python3.11/site-packages/streamlit/runtime/state/session_state_proxy.py", line 131, in __getattr__
    raise AttributeError(_missing_attr_error_message(key))
AttributeError: st.session_state has no attribute "copy". Did you forget to initialize it? More info: https://docs.streamlit.io/develop/concepts/architecture/session-state#initialization
2024-12-16 15:31:54,091 - loyalty_model - ERROR - logging_config.py:48 - Error: st.session_state has no attribute "copy". Did you forget to initialize it? More info: https://docs.streamlit.io/develop/concepts/architecture/session-state#initialization
Context: Error in scenario: standard
Traceback (most recent call last):
  File "/home/runner/LoyaltyFinancialForecastPro/.pythonlibs/lib/python3.11/site-packages/streamlit/runtime/state/session_state.py", line 455, in __getitem__
    return self._getitem(widget_id, key)
           ^^^^^^^^^^^^^^^^^^^^^^^^^^^^^
  File "/home/runner/LoyaltyFinancialForecastPro/.pythonlibs/lib/python3.11/site-packages/streamlit/runtime/state/session_state.py", line 500, in _getitem
    raise KeyError
KeyError

During handling of the above exception, another exception occurred:

Traceback (most recent call last):
  File "/home/runner/LoyaltyFinancialForecastPro/.pythonlibs/lib/python3.11/site-packages/streamlit/runtime/state/session_state_proxy.py", line 129, in __getattr__
    return self[key]
           ~~~~^^^^^
  File "/home/runner/LoyaltyFinancialForecastPro/.pythonlibs/lib/python3.11/site-packages/streamlit/runtime/state/session_state_proxy.py", line 100, in __getitem__
    return get_session_state()[key]
           ~~~~~~~~~~~~~~~~~~~^^^^^
  File "/home/runner/LoyaltyFinancialForecastPro/.pythonlibs/lib/python3.11/site-packages/streamlit/runtime/state/safe_session_state.py", line 94, in __getitem__
    return self._state[key]
           ~~~~~~~~~~~^^^^^
  File "/home/runner/LoyaltyFinancialForecastPro/.pythonlibs/lib/python3.11/site-packages/streamlit/runtime/state/session_state.py", line 457, in __getitem__
    raise KeyError(_missing_key_error_message(key))
KeyError: 'st.session_state has no key "copy". Did you forget to initialize it? More info: https://docs.streamlit.io/develop/concepts/architecture/session-state#initialization'

During handling of the above exception, another exception occurred:

Traceback (most recent call last):
  File "/home/runner/LoyaltyFinancialForecastPro/pages/2_Scenario_Analysis.py", line 39, in scenario_analysis_page
    original_state = st.session_state.copy()
                     ^^^^^^^^^^^^^^^^^^^^^
  File "/home/runner/LoyaltyFinancialForecastPro/.pythonlibs/lib/python3.11/site-packages/streamlit/runtime/state/session_state_proxy.py", line 131, in __getattr__
    raise AttributeError(_missing_attr_error_message(key))
AttributeError: st.session_state has no attribute "copy". Did you forget to initialize it? More info: https://docs.streamlit.io/develop/concepts/architecture/session-state#initialization
2024-12-16 15:31:54,095 - loyalty_model - ERROR - logging_config.py:48 - Error: st.session_state has no attribute "copy". Did you forget to initialize it? More info: https://docs.streamlit.io/develop/concepts/architecture/session-state#initialization
Context: Error in scenario: optimistic
Traceback (most recent call last):
  File "/home/runner/LoyaltyFinancialForecastPro/.pythonlibs/lib/python3.11/site-packages/streamlit/runtime/state/session_state.py", line 455, in __getitem__
    return self._getitem(widget_id, key)
           ^^^^^^^^^^^^^^^^^^^^^^^^^^^^^
  File "/home/runner/LoyaltyFinancialForecastPro/.pythonlibs/lib/python3.11/site-packages/streamlit/runtime/state/session_state.py", line 500, in _getitem
    raise KeyError
KeyError

During handling of the above exception, another exception occurred:

Traceback (most recent call last):
  File "/home/runner/LoyaltyFinancialForecastPro/.pythonlibs/lib/python3.11/site-packages/streamlit/runtime/state/session_state_proxy.py", line 129, in __getattr__
    return self[key]
           ~~~~^^^^^
  File "/home/runner/LoyaltyFinancialForecastPro/.pythonlibs/lib/python3.11/site-packages/streamlit/runtime/state/session_state_proxy.py", line 100, in __getitem__
    return get_session_state()[key]
           ~~~~~~~~~~~~~~~~~~~^^^^^
  File "/home/runner/LoyaltyFinancialForecastPro/.pythonlibs/lib/python3.11/site-packages/streamlit/runtime/state/safe_session_state.py", line 94, in __getitem__
    return self._state[key]
           ~~~~~~~~~~~^^^^^
  File "/home/runner/LoyaltyFinancialForecastPro/.pythonlibs/lib/python3.11/site-packages/streamlit/runtime/state/session_state.py", line 457, in __getitem__
    raise KeyError(_missing_key_error_message(key))
KeyError: 'st.session_state has no key "copy". Did you forget to initialize it? More info: https://docs.streamlit.io/develop/concepts/architecture/session-state#initialization'

During handling of the above exception, another exception occurred:

Traceback (most recent call last):
  File "/home/runner/LoyaltyFinancialForecastPro/pages/2_Scenario_Analysis.py", line 39, in scenario_analysis_page
    original_state = st.session_state.copy()
                     ^^^^^^^^^^^^^^^^^^^^^
  File "/home/runner/LoyaltyFinancialForecastPro/.pythonlibs/lib/python3.11/site-packages/streamlit/runtime/state/session_state_proxy.py", line 131, in __getattr__
    raise AttributeError(_missing_attr_error_message(key))
AttributeError: st.session_state has no attribute "copy". Did you forget to initialize it? More info: https://docs.streamlit.io/develop/concepts/architecture/session-state#initialization
2024-12-16 15:31:54,097 - loyalty_model - WARNING - logging_config.py:55 - No scenario results calculated
2024-12-16 15:31:59,258 - loyalty_model - INFO - logging_config.py:59 - Initializing Financial Model
2024-12-16 15:31:59,259 - loyalty_model - ERROR - logging_config.py:48 - Error: st.session_state has no attribute "copy". Did you forget to initialize it? More info: https://docs.streamlit.io/develop/concepts/architecture/session-state#initialization
Context: Error in scenario: pessimistic
Traceback (most recent call last):
  File "/home/runner/LoyaltyFinancialForecastPro/.pythonlibs/lib/python3.11/site-packages/streamlit/runtime/state/session_state.py", line 455, in __getitem__
    return self._getitem(widget_id, key)
           ^^^^^^^^^^^^^^^^^^^^^^^^^^^^^
  File "/home/runner/LoyaltyFinancialForecastPro/.pythonlibs/lib/python3.11/site-packages/streamlit/runtime/state/session_state.py", line 500, in _getitem
    raise KeyError
KeyError

During handling of the above exception, another exception occurred:

Traceback (most recent call last):
  File "/home/runner/LoyaltyFinancialForecastPro/.pythonlibs/lib/python3.11/site-packages/streamlit/runtime/state/session_state_proxy.py", line 129, in __getattr__
    return self[key]
           ~~~~^^^^^
  File "/home/runner/LoyaltyFinancialForecastPro/.pythonlibs/lib/python3.11/site-packages/streamlit/runtime/state/session_state_proxy.py", line 100, in __getitem__
    return get_session_state()[key]
           ~~~~~~~~~~~~~~~~~~~^^^^^
  File "/home/runner/LoyaltyFinancialForecastPro/.pythonlibs/lib/python3.11/site-packages/streamlit/runtime/state/safe_session_state.py", line 94, in __getitem__
    return self._state[key]
           ~~~~~~~~~~~^^^^^
  File "/home/runner/LoyaltyFinancialForecastPro/.pythonlibs/lib/python3.11/site-packages/streamlit/runtime/state/session_state.py", line 457, in __getitem__
    raise KeyError(_missing_key_error_message(key))
KeyError: 'st.session_state has no key "copy". Did you forget to initialize it? More info: https://docs.streamlit.io/develop/concepts/architecture/session-state#initialization'

During handling of the above exception, another exception occurred:

Traceback (most recent call last):
  File "/home/runner/LoyaltyFinancialForecastPro/pages/2_Scenario_Analysis.py", line 39, in scenario_analysis_page
    original_state = st.session_state.copy()
                     ^^^^^^^^^^^^^^^^^^^^^
  File "/home/runner/LoyaltyFinancialForecastPro/.pythonlibs/lib/python3.11/site-packages/streamlit/runtime/state/session_state_proxy.py", line 131, in __getattr__
    raise AttributeError(_missing_attr_error_message(key))
AttributeError: st.session_state has no attribute "copy". Did you forget to initialize it? More info: https://docs.streamlit.io/develop/concepts/architecture/session-state#initialization
2024-12-16 15:31:59,262 - loyalty_model - ERROR - logging_config.py:48 - Error: st.session_state has no attribute "copy". Did you forget to initialize it? More info: https://docs.streamlit.io/develop/concepts/architecture/session-state#initialization
Context: Error in scenario: standard
Traceback (most recent call last):
  File "/home/runner/LoyaltyFinancialForecastPro/.pythonlibs/lib/python3.11/site-packages/streamlit/runtime/state/session_state.py", line 455, in __getitem__
    return self._getitem(widget_id, key)
           ^^^^^^^^^^^^^^^^^^^^^^^^^^^^^
  File "/home/runner/LoyaltyFinancialForecastPro/.pythonlibs/lib/python3.11/site-packages/streamlit/runtime/state/session_state.py", line 500, in _getitem
    raise KeyError
KeyError

During handling of the above exception, another exception occurred:

Traceback (most recent call last):
  File "/home/runner/LoyaltyFinancialForecastPro/.pythonlibs/lib/python3.11/site-packages/streamlit/runtime/state/session_state_proxy.py", line 129, in __getattr__
    return self[key]
           ~~~~^^^^^
  File "/home/runner/LoyaltyFinancialForecastPro/.pythonlibs/lib/python3.11/site-packages/streamlit/runtime/state/session_state_proxy.py", line 100, in __getitem__
    return get_session_state()[key]
           ~~~~~~~~~~~~~~~~~~~^^^^^
  File "/home/runner/LoyaltyFinancialForecastPro/.pythonlibs/lib/python3.11/site-packages/streamlit/runtime/state/safe_session_state.py", line 94, in __getitem__
    return self._state[key]
           ~~~~~~~~~~~^^^^^
  File "/home/runner/LoyaltyFinancialForecastPro/.pythonlibs/lib/python3.11/site-packages/streamlit/runtime/state/session_state.py", line 457, in __getitem__
    raise KeyError(_missing_key_error_message(key))
KeyError: 'st.session_state has no key "copy". Did you forget to initialize it? More info: https://docs.streamlit.io/develop/concepts/architecture/session-state#initialization'

During handling of the above exception, another exception occurred:

Traceback (most recent call last):
  File "/home/runner/LoyaltyFinancialForecastPro/pages/2_Scenario_Analysis.py", line 39, in scenario_analysis_page
    original_state = st.session_state.copy()
                     ^^^^^^^^^^^^^^^^^^^^^
  File "/home/runner/LoyaltyFinancialForecastPro/.pythonlibs/lib/python3.11/site-packages/streamlit/runtime/state/session_state_proxy.py", line 131, in __getattr__
    raise AttributeError(_missing_attr_error_message(key))
AttributeError: st.session_state has no attribute "copy". Did you forget to initialize it? More info: https://docs.streamlit.io/develop/concepts/architecture/session-state#initialization
2024-12-16 15:31:59,263 - loyalty_model - ERROR - logging_config.py:48 - Error: st.session_state has no attribute "copy". Did you forget to initialize it? More info: https://docs.streamlit.io/develop/concepts/architecture/session-state#initialization
Context: Error in scenario: optimistic
Traceback (most recent call last):
  File "/home/runner/LoyaltyFinancialForecastPro/.pythonlibs/lib/python3.11/site-packages/streamlit/runtime/state/session_state.py", line 455, in __getitem__
    return self._getitem(widget_id, key)
           ^^^^^^^^^^^^^^^^^^^^^^^^^^^^^
  File "/home/runner/LoyaltyFinancialForecastPro/.pythonlibs/lib/python3.11/site-packages/streamlit/runtime/state/session_state.py", line 500, in _getitem
    raise KeyError
KeyError

During handling of the above exception, another exception occurred:

Traceback (most recent call last):
  File "/home/runner/LoyaltyFinancialForecastPro/.pythonlibs/lib/python3.11/site-packages/streamlit/runtime/state/session_state_proxy.py", line 129, in __getattr__
    return self[key]
           ~~~~^^^^^
  File "/home/runner/LoyaltyFinancialForecastPro/.pythonlibs/lib/python3.11/site-packages/streamlit/runtime/state/session_state_proxy.py", line 100, in __getitem__
    return get_session_state()[key]
           ~~~~~~~~~~~~~~~~~~~^^^^^
  File "/home/runner/LoyaltyFinancialForecastPro/.pythonlibs/lib/python3.11/site-packages/streamlit/runtime/state/safe_session_state.py", line 94, in __getitem__
    return self._state[key]
           ~~~~~~~~~~~^^^^^
  File "/home/runner/LoyaltyFinancialForecastPro/.pythonlibs/lib/python3.11/site-packages/streamlit/runtime/state/session_state.py", line 457, in __getitem__
    raise KeyError(_missing_key_error_message(key))
KeyError: 'st.session_state has no key "copy". Did you forget to initialize it? More info: https://docs.streamlit.io/develop/concepts/architecture/session-state#initialization'

During handling of the above exception, another exception occurred:

Traceback (most recent call last):
  File "/home/runner/LoyaltyFinancialForecastPro/pages/2_Scenario_Analysis.py", line 39, in scenario_analysis_page
    original_state = st.session_state.copy()
                     ^^^^^^^^^^^^^^^^^^^^^
  File "/home/runner/LoyaltyFinancialForecastPro/.pythonlibs/lib/python3.11/site-packages/streamlit/runtime/state/session_state_proxy.py", line 131, in __getattr__
    raise AttributeError(_missing_attr_error_message(key))
AttributeError: st.session_state has no attribute "copy". Did you forget to initialize it? More info: https://docs.streamlit.io/develop/concepts/architecture/session-state#initialization
2024-12-16 15:31:59,265 - loyalty_model - WARNING - logging_config.py:55 - No scenario results calculated
2024-12-16 15:31:59,845 - loyalty_model - INFO - logging_config.py:59 - Initializing Financial Model
2024-12-16 15:31:59,845 - loyalty_model - DEBUG - logging_config.py:63 - Starting financial calculations
2024-12-16 15:31:59,846 - loyalty_model - INFO - logging_config.py:59 - Initial active users calculated: 400.0
2024-12-16 15:31:59,848 - loyalty_model - ERROR - logging_config.py:48 - Error: Selectbox index must be greater than or equal to 0 and less than the length of options.
Context: Error in main application
Traceback (most recent call last):
  File "/home/runner/LoyaltyFinancialForecastPro/main.py", line 23, in main
    selected_month = st.selectbox("Select Month", range(1, 25), 24)
                     ^^^^^^^^^^^^^^^^^^^^^^^^^^^^^^^^^^^^^^^^^^^^^^
  File "/home/runner/LoyaltyFinancialForecastPro/.pythonlibs/lib/python3.11/site-packages/streamlit/runtime/metrics_util.py", line 409, in wrapped_func
    result = non_optional_func(*args, **kwargs)
             ^^^^^^^^^^^^^^^^^^^^^^^^^^^^^^^^^^
  File "/home/runner/LoyaltyFinancialForecastPro/.pythonlibs/lib/python3.11/site-packages/streamlit/elements/widgets/selectbox.py", line 245, in selectbox
    return self._selectbox(
           ^^^^^^^^^^^^^^^^
  File "/home/runner/LoyaltyFinancialForecastPro/.pythonlibs/lib/python3.11/site-packages/streamlit/elements/widgets/selectbox.py", line 308, in _selectbox
    raise StreamlitAPIException(
streamlit.errors.StreamlitAPIException: Selectbox index must be greater than or equal to 0 and less than the length of options.
2024-12-16 15:32:19,360 - loyalty_model - INFO - logging_config.py:59 - Initializing Financial Model
2024-12-16 15:32:19,362 - loyalty_model - ERROR - logging_config.py:48 - Error: st.session_state has no attribute "copy". Did you forget to initialize it? More info: https://docs.streamlit.io/develop/concepts/architecture/session-state#initialization
Context: Error in scenario: pessimistic
Traceback (most recent call last):
  File "/home/runner/LoyaltyFinancialForecastPro/.pythonlibs/lib/python3.11/site-packages/streamlit/runtime/state/session_state.py", line 455, in __getitem__
    return self._getitem(widget_id, key)
           ^^^^^^^^^^^^^^^^^^^^^^^^^^^^^
  File "/home/runner/LoyaltyFinancialForecastPro/.pythonlibs/lib/python3.11/site-packages/streamlit/runtime/state/session_state.py", line 500, in _getitem
    raise KeyError
KeyError

During handling of the above exception, another exception occurred:

Traceback (most recent call last):
  File "/home/runner/LoyaltyFinancialForecastPro/.pythonlibs/lib/python3.11/site-packages/streamlit/runtime/state/session_state_proxy.py", line 129, in __getattr__
    return self[key]
           ~~~~^^^^^
  File "/home/runner/LoyaltyFinancialForecastPro/.pythonlibs/lib/python3.11/site-packages/streamlit/runtime/state/session_state_proxy.py", line 100, in __getitem__
    return get_session_state()[key]
           ~~~~~~~~~~~~~~~~~~~^^^^^
  File "/home/runner/LoyaltyFinancialForecastPro/.pythonlibs/lib/python3.11/site-packages/streamlit/runtime/state/safe_session_state.py", line 94, in __getitem__
    return self._state[key]
           ~~~~~~~~~~~^^^^^
  File "/home/runner/LoyaltyFinancialForecastPro/.pythonlibs/lib/python3.11/site-packages/streamlit/runtime/state/session_state.py", line 457, in __getitem__
    raise KeyError(_missing_key_error_message(key))
KeyError: 'st.session_state has no key "copy". Did you forget to initialize it? More info: https://docs.streamlit.io/develop/concepts/architecture/session-state#initialization'

During handling of the above exception, another exception occurred:

Traceback (most recent call last):
  File "/home/runner/LoyaltyFinancialForecastPro/pages/2_Scenario_Analysis.py", line 39, in scenario_analysis_page
    original_state = st.session_state.copy()
                     ^^^^^^^^^^^^^^^^^^^^^
  File "/home/runner/LoyaltyFinancialForecastPro/.pythonlibs/lib/python3.11/site-packages/streamlit/runtime/state/session_state_proxy.py", line 131, in __getattr__
    raise AttributeError(_missing_attr_error_message(key))
AttributeError: st.session_state has no attribute "copy". Did you forget to initialize it? More info: https://docs.streamlit.io/develop/concepts/architecture/session-state#initialization
2024-12-16 15:32:19,364 - loyalty_model - ERROR - logging_config.py:48 - Error: st.session_state has no attribute "copy". Did you forget to initialize it? More info: https://docs.streamlit.io/develop/concepts/architecture/session-state#initialization
Context: Error in scenario: standard
Traceback (most recent call last):
  File "/home/runner/LoyaltyFinancialForecastPro/.pythonlibs/lib/python3.11/site-packages/streamlit/runtime/state/session_state.py", line 455, in __getitem__
    return self._getitem(widget_id, key)
           ^^^^^^^^^^^^^^^^^^^^^^^^^^^^^
  File "/home/runner/LoyaltyFinancialForecastPro/.pythonlibs/lib/python3.11/site-packages/streamlit/runtime/state/session_state.py", line 500, in _getitem
    raise KeyError
KeyError

During handling of the above exception, another exception occurred:

Traceback (most recent call last):
  File "/home/runner/LoyaltyFinancialForecastPro/.pythonlibs/lib/python3.11/site-packages/streamlit/runtime/state/session_state_proxy.py", line 129, in __getattr__
    return self[key]
           ~~~~^^^^^
  File "/home/runner/LoyaltyFinancialForecastPro/.pythonlibs/lib/python3.11/site-packages/streamlit/runtime/state/session_state_proxy.py", line 100, in __getitem__
    return get_session_state()[key]
           ~~~~~~~~~~~~~~~~~~~^^^^^
  File "/home/runner/LoyaltyFinancialForecastPro/.pythonlibs/lib/python3.11/site-packages/streamlit/runtime/state/safe_session_state.py", line 94, in __getitem__
    return self._state[key]
           ~~~~~~~~~~~^^^^^
  File "/home/runner/LoyaltyFinancialForecastPro/.pythonlibs/lib/python3.11/site-packages/streamlit/runtime/state/session_state.py", line 457, in __getitem__
    raise KeyError(_missing_key_error_message(key))
KeyError: 'st.session_state has no key "copy". Did you forget to initialize it? More info: https://docs.streamlit.io/develop/concepts/architecture/session-state#initialization'

During handling of the above exception, another exception occurred:

Traceback (most recent call last):
  File "/home/runner/LoyaltyFinancialForecastPro/pages/2_Scenario_Analysis.py", line 39, in scenario_analysis_page
    original_state = st.session_state.copy()
                     ^^^^^^^^^^^^^^^^^^^^^
  File "/home/runner/LoyaltyFinancialForecastPro/.pythonlibs/lib/python3.11/site-packages/streamlit/runtime/state/session_state_proxy.py", line 131, in __getattr__
    raise AttributeError(_missing_attr_error_message(key))
AttributeError: st.session_state has no attribute "copy". Did you forget to initialize it? More info: https://docs.streamlit.io/develop/concepts/architecture/session-state#initialization
2024-12-16 15:32:19,366 - loyalty_model - ERROR - logging_config.py:48 - Error: st.session_state has no attribute "copy". Did you forget to initialize it? More info: https://docs.streamlit.io/develop/concepts/architecture/session-state#initialization
Context: Error in scenario: optimistic
Traceback (most recent call last):
  File "/home/runner/LoyaltyFinancialForecastPro/.pythonlibs/lib/python3.11/site-packages/streamlit/runtime/state/session_state.py", line 455, in __getitem__
    return self._getitem(widget_id, key)
           ^^^^^^^^^^^^^^^^^^^^^^^^^^^^^
  File "/home/runner/LoyaltyFinancialForecastPro/.pythonlibs/lib/python3.11/site-packages/streamlit/runtime/state/session_state.py", line 500, in _getitem
    raise KeyError
KeyError

During handling of the above exception, another exception occurred:

Traceback (most recent call last):
  File "/home/runner/LoyaltyFinancialForecastPro/.pythonlibs/lib/python3.11/site-packages/streamlit/runtime/state/session_state_proxy.py", line 129, in __getattr__
    return self[key]
           ~~~~^^^^^
  File "/home/runner/LoyaltyFinancialForecastPro/.pythonlibs/lib/python3.11/site-packages/streamlit/runtime/state/session_state_proxy.py", line 100, in __getitem__
    return get_session_state()[key]
           ~~~~~~~~~~~~~~~~~~~^^^^^
  File "/home/runner/LoyaltyFinancialForecastPro/.pythonlibs/lib/python3.11/site-packages/streamlit/runtime/state/safe_session_state.py", line 94, in __getitem__
    return self._state[key]
           ~~~~~~~~~~~^^^^^
  File "/home/runner/LoyaltyFinancialForecastPro/.pythonlibs/lib/python3.11/site-packages/streamlit/runtime/state/session_state.py", line 457, in __getitem__
    raise KeyError(_missing_key_error_message(key))
KeyError: 'st.session_state has no key "copy". Did you forget to initialize it? More info: https://docs.streamlit.io/develop/concepts/architecture/session-state#initialization'

During handling of the above exception, another exception occurred:

Traceback (most recent call last):
  File "/home/runner/LoyaltyFinancialForecastPro/pages/2_Scenario_Analysis.py", line 39, in scenario_analysis_page
    original_state = st.session_state.copy()
                     ^^^^^^^^^^^^^^^^^^^^^
  File "/home/runner/LoyaltyFinancialForecastPro/.pythonlibs/lib/python3.11/site-packages/streamlit/runtime/state/session_state_proxy.py", line 131, in __getattr__
    raise AttributeError(_missing_attr_error_message(key))
AttributeError: st.session_state has no attribute "copy". Did you forget to initialize it? More info: https://docs.streamlit.io/develop/concepts/architecture/session-state#initialization
2024-12-16 15:32:19,367 - loyalty_model - WARNING - logging_config.py:55 - No scenario results calculated
2024-12-16 15:32:56,417 - loyalty_model - INFO - logging_config.py:59 - Initializing Financial Model
2024-12-16 15:32:56,418 - loyalty_model - DEBUG - logging_config.py:63 - Starting financial calculations
2024-12-16 15:32:56,419 - loyalty_model - INFO - logging_config.py:59 - Initial active users calculated: 400.0
2024-12-16 15:32:56,421 - loyalty_model - ERROR - logging_config.py:48 - Error: Selectbox index must be greater than or equal to 0 and less than the length of options.
Context: Error in main application
Traceback (most recent call last):
  File "/home/runner/LoyaltyFinancialForecastPro/main.py", line 23, in main
    selected_month = st.selectbox("Select Month", range(1, 25), 24)
                     ^^^^^^^^^^^^^^^^^^^^^^^^^^^^^^^^^^^^^^^^^^^^^^
  File "/home/runner/LoyaltyFinancialForecastPro/.pythonlibs/lib/python3.11/site-packages/streamlit/runtime/metrics_util.py", line 409, in wrapped_func
    result = non_optional_func(*args, **kwargs)
             ^^^^^^^^^^^^^^^^^^^^^^^^^^^^^^^^^^
  File "/home/runner/LoyaltyFinancialForecastPro/.pythonlibs/lib/python3.11/site-packages/streamlit/elements/widgets/selectbox.py", line 245, in selectbox
    return self._selectbox(
           ^^^^^^^^^^^^^^^^
  File "/home/runner/LoyaltyFinancialForecastPro/.pythonlibs/lib/python3.11/site-packages/streamlit/elements/widgets/selectbox.py", line 308, in _selectbox
    raise StreamlitAPIException(
streamlit.errors.StreamlitAPIException: Selectbox index must be greater than or equal to 0 and less than the length of options.
2024-12-16 15:32:58,974 - loyalty_model - INFO - logging_config.py:59 - Initializing Financial Model
2024-12-16 15:32:58,986 - loyalty_model - DEBUG - logging_config.py:63 - Starting financial calculations
2024-12-16 15:32:58,986 - loyalty_model - INFO - logging_config.py:59 - Initial active users calculated: 400.0
2024-12-16 15:32:58,991 - loyalty_model - ERROR - logging_config.py:48 - Error: Selectbox index must be greater than or equal to 0 and less than the length of options.
Context: Error in main application
Traceback (most recent call last):
  File "/home/runner/LoyaltyFinancialForecastPro/main.py", line 23, in main
    selected_month = st.selectbox("Select Month", range(1, 25), 24)
                     ^^^^^^^^^^^^^^^^^^^^^^^^^^^^^^^^^^^^^^^^^^^^^^
  File "/home/runner/LoyaltyFinancialForecastPro/.pythonlibs/lib/python3.11/site-packages/streamlit/runtime/metrics_util.py", line 409, in wrapped_func
    result = non_optional_func(*args, **kwargs)
             ^^^^^^^^^^^^^^^^^^^^^^^^^^^^^^^^^^
  File "/home/runner/LoyaltyFinancialForecastPro/.pythonlibs/lib/python3.11/site-packages/streamlit/elements/widgets/selectbox.py", line 245, in selectbox
    return self._selectbox(
           ^^^^^^^^^^^^^^^^
  File "/home/runner/LoyaltyFinancialForecastPro/.pythonlibs/lib/python3.11/site-packages/streamlit/elements/widgets/selectbox.py", line 308, in _selectbox
    raise StreamlitAPIException(
streamlit.errors.StreamlitAPIException: Selectbox index must be greater than or equal to 0 and less than the length of options.
2024-12-16 15:32:59,954 - loyalty_model - INFO - logging_config.py:59 - Initializing Financial Model
2024-12-16 15:32:59,955 - loyalty_model - DEBUG - logging_config.py:63 - Starting financial calculations
2024-12-16 15:32:59,964 - loyalty_model - INFO - logging_config.py:59 - Initial active users calculated: 400.0
2024-12-16 15:32:59,967 - loyalty_model - ERROR - logging_config.py:48 - Error: Selectbox index must be greater than or equal to 0 and less than the length of options.
Context: Error in main application
Traceback (most recent call last):
  File "/home/runner/LoyaltyFinancialForecastPro/main.py", line 23, in main
    selected_month = st.selectbox("Select Month", range(1, 25), 24)
                     ^^^^^^^^^^^^^^^^^^^^^^^^^^^^^^^^^^^^^^^^^^^^^^
  File "/home/runner/LoyaltyFinancialForecastPro/.pythonlibs/lib/python3.11/site-packages/streamlit/runtime/metrics_util.py", line 409, in wrapped_func
    result = non_optional_func(*args, **kwargs)
             ^^^^^^^^^^^^^^^^^^^^^^^^^^^^^^^^^^
  File "/home/runner/LoyaltyFinancialForecastPro/.pythonlibs/lib/python3.11/site-packages/streamlit/elements/widgets/selectbox.py", line 245, in selectbox
    return self._selectbox(
           ^^^^^^^^^^^^^^^^
  File "/home/runner/LoyaltyFinancialForecastPro/.pythonlibs/lib/python3.11/site-packages/streamlit/elements/widgets/selectbox.py", line 308, in _selectbox
    raise StreamlitAPIException(
streamlit.errors.StreamlitAPIException: Selectbox index must be greater than or equal to 0 and less than the length of options.
2024-12-16 15:33:17,088 - loyalty_model - INFO - logging_config.py:59 - Initializing Financial Model
2024-12-16 15:33:17,089 - loyalty_model - DEBUG - logging_config.py:63 - Starting financial calculations
2024-12-16 15:33:17,089 - loyalty_model - INFO - logging_config.py:59 - Initial active users calculated: 400.0
2024-12-16 15:33:17,091 - loyalty_model - ERROR - logging_config.py:48 - Error: Selectbox index must be greater than or equal to 0 and less than the length of options.
Context: Error in main application
Traceback (most recent call last):
  File "/home/runner/LoyaltyFinancialForecastPro/main.py", line 23, in main
    selected_month = st.selectbox("Select Month", range(1, 25), 24)
                     ^^^^^^^^^^^^^^^^^^^^^^^^^^^^^^^^^^^^^^^^^^^^^^
  File "/home/runner/LoyaltyFinancialForecastPro/.pythonlibs/lib/python3.11/site-packages/streamlit/runtime/metrics_util.py", line 409, in wrapped_func
    result = non_optional_func(*args, **kwargs)
             ^^^^^^^^^^^^^^^^^^^^^^^^^^^^^^^^^^
  File "/home/runner/LoyaltyFinancialForecastPro/.pythonlibs/lib/python3.11/site-packages/streamlit/elements/widgets/selectbox.py", line 245, in selectbox
    return self._selectbox(
           ^^^^^^^^^^^^^^^^
  File "/home/runner/LoyaltyFinancialForecastPro/.pythonlibs/lib/python3.11/site-packages/streamlit/elements/widgets/selectbox.py", line 308, in _selectbox
    raise StreamlitAPIException(
streamlit.errors.StreamlitAPIException: Selectbox index must be greater than or equal to 0 and less than the length of options.
2024-12-16 15:33:41,254 - loyalty_model - INFO - logging_config.py:59 - Initializing Financial Model
2024-12-16 15:33:41,257 - loyalty_model - DEBUG - logging_config.py:63 - Starting financial calculations
2024-12-16 15:33:41,257 - loyalty_model - INFO - logging_config.py:59 - Initial active users calculated: 400.0
2024-12-16 15:33:41,261 - loyalty_model - DEBUG - logging_config.py:63 - Starting financial calculations
2024-12-16 15:33:41,262 - loyalty_model - INFO - logging_config.py:59 - Initial active users calculated: 400.0
2024-12-16 15:33:41,265 - loyalty_model - DEBUG - logging_config.py:63 - Starting financial calculations
2024-12-16 15:33:41,265 - loyalty_model - INFO - logging_config.py:59 - Initial active users calculated: 400.0
2024-12-16 15:34:55,382 - loyalty_model - INFO - logging_config.py:59 - Initializing Financial Model
2024-12-16 15:34:55,383 - loyalty_model - DEBUG - logging_config.py:63 - Starting financial calculations
2024-12-16 15:34:55,384 - loyalty_model - INFO - logging_config.py:59 - Initial active users calculated: 400.0
2024-12-16 15:34:55,386 - loyalty_model - ERROR - logging_config.py:48 - Error: Selectbox index must be greater than or equal to 0 and less than the length of options.
Context: Error in main application
Traceback (most recent call last):
  File "/home/runner/LoyaltyFinancialForecastPro/main.py", line 23, in main
    selected_month = st.selectbox("Select Month", range(1, 25), 24)
                     ^^^^^^^^^^^^^^^^^^^^^^^^^^^^^^^^^^^^^^^^^^^^^^
  File "/home/runner/LoyaltyFinancialForecastPro/.pythonlibs/lib/python3.11/site-packages/streamlit/runtime/metrics_util.py", line 409, in wrapped_func
    result = non_optional_func(*args, **kwargs)
             ^^^^^^^^^^^^^^^^^^^^^^^^^^^^^^^^^^
  File "/home/runner/LoyaltyFinancialForecastPro/.pythonlibs/lib/python3.11/site-packages/streamlit/elements/widgets/selectbox.py", line 245, in selectbox
    return self._selectbox(
           ^^^^^^^^^^^^^^^^
  File "/home/runner/LoyaltyFinancialForecastPro/.pythonlibs/lib/python3.11/site-packages/streamlit/elements/widgets/selectbox.py", line 308, in _selectbox
    raise StreamlitAPIException(
streamlit.errors.StreamlitAPIException: Selectbox index must be greater than or equal to 0 and less than the length of options.
2024-12-16 15:34:58,322 - loyalty_model - INFO - logging_config.py:59 - Initializing Financial Model
2024-12-16 15:34:58,325 - loyalty_model - DEBUG - logging_config.py:63 - Starting financial calculations
2024-12-16 15:34:58,325 - loyalty_model - INFO - logging_config.py:59 - Initial active users calculated: 400.0
2024-12-16 15:34:58,327 - loyalty_model - ERROR - logging_config.py:48 - Error: Selectbox index must be greater than or equal to 0 and less than the length of options.
Context: Error in main application
Traceback (most recent call last):
  File "/home/runner/LoyaltyFinancialForecastPro/main.py", line 23, in main
    selected_month = st.selectbox("Select Month", range(1, 25), 24)
                     ^^^^^^^^^^^^^^^^^^^^^^^^^^^^^^^^^^^^^^^^^^^^^^
  File "/home/runner/LoyaltyFinancialForecastPro/.pythonlibs/lib/python3.11/site-packages/streamlit/runtime/metrics_util.py", line 409, in wrapped_func
    result = non_optional_func(*args, **kwargs)
             ^^^^^^^^^^^^^^^^^^^^^^^^^^^^^^^^^^
  File "/home/runner/LoyaltyFinancialForecastPro/.pythonlibs/lib/python3.11/site-packages/streamlit/elements/widgets/selectbox.py", line 245, in selectbox
    return self._selectbox(
           ^^^^^^^^^^^^^^^^
  File "/home/runner/LoyaltyFinancialForecastPro/.pythonlibs/lib/python3.11/site-packages/streamlit/elements/widgets/selectbox.py", line 308, in _selectbox
    raise StreamlitAPIException(
streamlit.errors.StreamlitAPIException: Selectbox index must be greater than or equal to 0 and less than the length of options.
2024-12-16 15:34:58,608 - loyalty_model - INFO - logging_config.py:59 - Initializing Financial Model
2024-12-16 15:34:58,608 - loyalty_model - DEBUG - logging_config.py:63 - Starting financial calculations
2024-12-16 15:34:58,609 - loyalty_model - INFO - logging_config.py:59 - Initial active users calculated: 400.0
2024-12-16 15:34:58,611 - loyalty_model - ERROR - logging_config.py:48 - Error: Selectbox index must be greater than or equal to 0 and less than the length of options.
Context: Error in main application
Traceback (most recent call last):
  File "/home/runner/LoyaltyFinancialForecastPro/main.py", line 23, in main
    selected_month = st.selectbox("Select Month", range(1, 25), 24)
                     ^^^^^^^^^^^^^^^^^^^^^^^^^^^^^^^^^^^^^^^^^^^^^^
  File "/home/runner/LoyaltyFinancialForecastPro/.pythonlibs/lib/python3.11/site-packages/streamlit/runtime/metrics_util.py", line 409, in wrapped_func
    result = non_optional_func(*args, **kwargs)
             ^^^^^^^^^^^^^^^^^^^^^^^^^^^^^^^^^^
  File "/home/runner/LoyaltyFinancialForecastPro/.pythonlibs/lib/python3.11/site-packages/streamlit/elements/widgets/selectbox.py", line 245, in selectbox
    return self._selectbox(
           ^^^^^^^^^^^^^^^^
  File "/home/runner/LoyaltyFinancialForecastPro/.pythonlibs/lib/python3.11/site-packages/streamlit/elements/widgets/selectbox.py", line 308, in _selectbox
    raise StreamlitAPIException(
streamlit.errors.StreamlitAPIException: Selectbox index must be greater than or equal to 0 and less than the length of options.
2024-12-16 15:35:30,438 - loyalty_model - INFO - logging_config.py:59 - Initializing Financial Model
2024-12-16 15:35:30,439 - loyalty_model - DEBUG - logging_config.py:63 - Starting financial calculations
2024-12-16 15:35:30,439 - loyalty_model - INFO - logging_config.py:59 - Initial active users calculated: 400.0
2024-12-16 15:35:33,156 - loyalty_model - INFO - logging_config.py:59 - Initializing Financial Model
2024-12-16 15:35:33,162 - loyalty_model - DEBUG - logging_config.py:63 - Starting financial calculations
2024-12-16 15:35:33,162 - loyalty_model - INFO - logging_config.py:59 - Initial active users calculated: 400.0
2024-12-16 15:35:34,301 - loyalty_model - INFO - logging_config.py:59 - Initializing Financial Model
2024-12-16 15:35:34,306 - loyalty_model - DEBUG - logging_config.py:63 - Starting financial calculations
2024-12-16 15:35:34,307 - loyalty_model - INFO - logging_config.py:59 - Initial active users calculated: 400.0
2024-12-16 15:36:09,410 - loyalty_model - INFO - logging_config.py:59 - Initializing Financial Model
2024-12-16 15:36:09,410 - loyalty_model - DEBUG - logging_config.py:63 - Starting financial calculations
2024-12-16 15:36:09,410 - loyalty_model - INFO - logging_config.py:59 - Initial active users calculated: 400.0
2024-12-16 15:36:15,813 - loyalty_model - INFO - logging_config.py:59 - Initializing Financial Model
2024-12-16 15:36:15,813 - loyalty_model - DEBUG - logging_config.py:63 - Starting financial calculations
2024-12-16 15:36:15,814 - loyalty_model - INFO - logging_config.py:59 - Initial active users calculated: 400.0
2024-12-16 15:38:06,202 - loyalty_model - INFO - logging_config.py:59 - Initializing Financial Model
2024-12-16 15:38:06,203 - loyalty_model - DEBUG - logging_config.py:63 - Starting financial calculations
2024-12-16 15:38:06,203 - loyalty_model - INFO - logging_config.py:59 - Initial active users calculated: 400.0
2024-12-16 15:40:00,595 - loyalty_model - INFO - logging_config.py:59 - Initializing Financial Model
2024-12-16 15:40:00,600 - loyalty_model - WARNING - logging_config.py:55 - Missing session state key: base_infrastructure_cost in scenario pessimistic
2024-12-16 15:40:00,602 - loyalty_model - DEBUG - logging_config.py:63 - Starting financial calculations
2024-12-16 15:40:00,603 - loyalty_model - INFO - logging_config.py:59 - Initial active users calculated: 400.0
2024-12-16 15:40:00,618 - loyalty_model - WARNING - logging_config.py:55 - Missing session state key: base_infrastructure_cost in scenario standard
2024-12-16 15:40:00,619 - loyalty_model - DEBUG - logging_config.py:63 - Starting financial calculations
2024-12-16 15:40:00,620 - loyalty_model - INFO - logging_config.py:59 - Initial active users calculated: 400.0
2024-12-16 15:40:00,625 - loyalty_model - WARNING - logging_config.py:55 - Missing session state key: base_infrastructure_cost in scenario optimistic
2024-12-16 15:40:00,625 - loyalty_model - DEBUG - logging_config.py:63 - Starting financial calculations
2024-12-16 15:40:00,626 - loyalty_model - INFO - logging_config.py:59 - Initial active users calculated: 400.0
2024-12-16 15:40:05,619 - loyalty_model - INFO - logging_config.py:59 - Initializing Financial Model
2024-12-16 15:40:05,620 - loyalty_model - DEBUG - logging_config.py:63 - Starting financial calculations
2024-12-16 15:40:05,623 - loyalty_model - INFO - logging_config.py:59 - Initial active users calculated: 400.0
2024-12-16 15:40:08,076 - loyalty_model - INFO - logging_config.py:59 - Initializing Financial Model
2024-12-16 15:40:08,077 - loyalty_model - DEBUG - logging_config.py:63 - Starting financial calculations
2024-12-16 15:40:08,077 - loyalty_model - INFO - logging_config.py:59 - Initial active users calculated: 400.0
2024-12-16 15:40:09,140 - loyalty_model - INFO - logging_config.py:59 - Initializing Financial Model
2024-12-16 15:40:09,141 - loyalty_model - DEBUG - logging_config.py:63 - Starting financial calculations
2024-12-16 15:40:09,141 - loyalty_model - INFO - logging_config.py:59 - Initial active users calculated: 400.0
2024-12-16 15:40:56,788 - loyalty_model - INFO - logging_config.py:59 - Initializing Financial Model
2024-12-16 15:40:56,791 - loyalty_model - DEBUG - logging_config.py:63 - Starting financial calculations
2024-12-16 15:40:56,792 - loyalty_model - INFO - logging_config.py:59 - Initial active users calculated: 400.0
2024-12-16 15:40:57,078 - loyalty_model - INFO - logging_config.py:59 - Initializing Financial Model
2024-12-16 15:40:57,079 - loyalty_model - DEBUG - logging_config.py:63 - Starting financial calculations
2024-12-16 15:40:57,079 - loyalty_model - INFO - logging_config.py:59 - Initial active users calculated: 400.0
2024-12-16 15:42:01,355 - loyalty_model - INFO - logging_config.py:59 - Initializing Financial Model
2024-12-16 15:42:01,438 - loyalty_model - DEBUG - logging_config.py:63 - Starting financial calculations
2024-12-16 15:42:01,441 - loyalty_model - INFO - logging_config.py:59 - Initial active users calculated: 400.0
2024-12-16 15:42:01,990 - loyalty_model - INFO - logging_config.py:59 - Initializing Financial Model
2024-12-16 15:42:01,991 - loyalty_model - DEBUG - logging_config.py:63 - Starting financial calculations
2024-12-16 15:42:01,991 - loyalty_model - INFO - logging_config.py:59 - Initial active users calculated: 400.0
2024-12-16 15:43:06,275 - loyalty_model - INFO - logging_config.py:59 - Initializing Financial Model
2024-12-16 15:43:06,276 - loyalty_model - DEBUG - logging_config.py:63 - Starting financial calculations
2024-12-16 15:43:06,276 - loyalty_model - INFO - logging_config.py:59 - Initial active users calculated: 400.0
2024-12-16 15:43:08,580 - loyalty_model - INFO - logging_config.py:59 - Initializing Financial Model
2024-12-16 15:43:08,581 - loyalty_model - DEBUG - logging_config.py:63 - Starting financial calculations
2024-12-16 15:43:08,581 - loyalty_model - INFO - logging_config.py:59 - Initial active users calculated: 400.0
2024-12-16 15:43:08,852 - loyalty_model - INFO - logging_config.py:59 - Initializing Financial Model
2024-12-16 15:43:08,852 - loyalty_model - DEBUG - logging_config.py:63 - Starting financial calculations
2024-12-16 15:43:08,853 - loyalty_model - INFO - logging_config.py:59 - Initial active users calculated: 400.0
2024-12-16 15:43:45,912 - loyalty_model - INFO - logging_config.py:59 - Initializing Financial Model
2024-12-16 15:43:45,912 - loyalty_model - DEBUG - logging_config.py:63 - Starting financial calculations
2024-12-16 15:43:45,912 - loyalty_model - INFO - logging_config.py:59 - Initial active users calculated: 400.0
2024-12-16 15:47:00,478 - loyalty_model - INFO - logging_config.py:59 - Initializing Financial Model
2024-12-16 15:47:00,481 - loyalty_model - DEBUG - logging_config.py:63 - Starting financial calculations
2024-12-16 15:47:00,481 - loyalty_model - INFO - logging_config.py:59 - Initial active users calculated: 400.0
2024-12-16 15:47:04,519 - loyalty_model - INFO - logging_config.py:59 - Initializing Financial Model
2024-12-16 15:47:04,523 - loyalty_model - DEBUG - logging_config.py:63 - Starting financial calculations
2024-12-16 15:47:04,523 - loyalty_model - INFO - logging_config.py:59 - Initial active users calculated: 400.0
2024-12-16 15:47:31,750 - loyalty_model - INFO - logging_config.py:59 - Initializing Financial Model
2024-12-16 15:47:31,751 - loyalty_model - DEBUG - logging_config.py:63 - Starting financial calculations
2024-12-16 15:47:31,752 - loyalty_model - INFO - logging_config.py:59 - Initial active users calculated: 400.0
2024-12-16 15:50:54,111 - loyalty_model - INFO - logging_config.py:59 - Initializing Financial Model
2024-12-16 15:50:54,112 - loyalty_model - DEBUG - logging_config.py:63 - Starting financial calculations
2024-12-16 15:50:54,124 - loyalty_model - INFO - logging_config.py:59 - Initial active users calculated: 400.0
2024-12-16 15:50:54,961 - loyalty_model - INFO - logging_config.py:59 - Initializing Financial Model
2024-12-16 15:50:54,964 - loyalty_model - DEBUG - logging_config.py:63 - Starting financial calculations
2024-12-16 15:50:54,965 - loyalty_model - INFO - logging_config.py:59 - Initial active users calculated: 400.0
2024-12-16 15:56:07,977 - loyalty_model - INFO - logging_config.py:59 - Initializing Financial Model
2024-12-16 15:56:07,987 - loyalty_model - DEBUG - logging_config.py:63 - Starting financial calculations
2024-12-16 15:56:07,988 - loyalty_model - INFO - logging_config.py:59 - Initial active users calculated: 400.0
2024-12-16 15:56:08,475 - loyalty_model - INFO - logging_config.py:59 - Initializing Financial Model
2024-12-16 15:56:08,476 - loyalty_model - DEBUG - logging_config.py:63 - Starting financial calculations
2024-12-16 15:56:08,476 - loyalty_model - INFO - logging_config.py:59 - Initial active users calculated: 400.0
2024-12-16 15:57:18,768 - loyalty_model - INFO - logging_config.py:59 - Initializing Financial Model
2024-12-16 15:57:18,773 - loyalty_model - WARNING - logging_config.py:55 - Missing session state key: base_infrastructure_cost in scenario pessimistic
2024-12-16 15:57:18,775 - loyalty_model - DEBUG - logging_config.py:63 - Starting financial calculations
2024-12-16 15:57:18,775 - loyalty_model - INFO - logging_config.py:59 - Initial active users calculated: 400.0
2024-12-16 15:57:18,786 - loyalty_model - WARNING - logging_config.py:55 - Missing session state key: base_infrastructure_cost in scenario standard
2024-12-16 15:57:18,787 - loyalty_model - DEBUG - logging_config.py:63 - Starting financial calculations
2024-12-16 15:57:18,787 - loyalty_model - INFO - logging_config.py:59 - Initial active users calculated: 400.0
2024-12-16 15:57:18,795 - loyalty_model - WARNING - logging_config.py:55 - Missing session state key: base_infrastructure_cost in scenario optimistic
2024-12-16 15:57:18,797 - loyalty_model - DEBUG - logging_config.py:63 - Starting financial calculations
2024-12-16 15:57:18,799 - loyalty_model - INFO - logging_config.py:59 - Initial active users calculated: 400.0
2024-12-16 15:58:19,211 - loyalty_model - INFO - logging_config.py:59 - Initializing Financial Model
2024-12-16 15:58:19,222 - loyalty_model - DEBUG - logging_config.py:63 - Starting financial calculations
2024-12-16 15:58:19,222 - loyalty_model - INFO - logging_config.py:59 - Initial active users calculated: 400.0
2024-12-16 15:58:19,425 - loyalty_model - INFO - logging_config.py:59 - Initializing Financial Model
2024-12-16 15:58:19,426 - loyalty_model - DEBUG - logging_config.py:63 - Starting financial calculations
2024-12-16 15:58:19,426 - loyalty_model - INFO - logging_config.py:59 - Initial active users calculated: 400.0
2024-12-16 15:58:20,268 - loyalty_model - INFO - logging_config.py:59 - Initializing Financial Model
2024-12-16 15:58:20,270 - loyalty_model - DEBUG - logging_config.py:63 - Starting financial calculations
2024-12-16 15:58:20,271 - loyalty_model - INFO - logging_config.py:59 - Initial active users calculated: 400.0
2024-12-16 16:00:40,686 - loyalty_model - INFO - logging_config.py:59 - Initializing Financial Model
2024-12-16 16:00:40,690 - loyalty_model - INFO - logging_config.py:59 - Creating session state backup
2024-12-16 16:00:40,692 - loyalty_model - DEBUG - logging_config.py:63 - Starting financial calculations
2024-12-16 16:00:40,693 - loyalty_model - INFO - logging_config.py:59 - Initial active users calculated: 400.0
2024-12-16 16:00:40,696 - loyalty_model - INFO - logging_config.py:59 - Restoring session state from backup
2024-12-16 16:00:40,698 - loyalty_model - INFO - logging_config.py:59 - Creating session state backup
2024-12-16 16:00:40,701 - loyalty_model - DEBUG - logging_config.py:63 - Starting financial calculations
2024-12-16 16:00:40,701 - loyalty_model - INFO - logging_config.py:59 - Initial active users calculated: 400.0
2024-12-16 16:00:40,705 - loyalty_model - INFO - logging_config.py:59 - Restoring session state from backup
2024-12-16 16:00:40,709 - loyalty_model - INFO - logging_config.py:59 - Creating session state backup
2024-12-16 16:00:40,713 - loyalty_model - DEBUG - logging_config.py:63 - Starting financial calculations
2024-12-16 16:00:40,715 - loyalty_model - INFO - logging_config.py:59 - Initial active users calculated: 400.0
2024-12-16 16:00:40,718 - loyalty_model - INFO - logging_config.py:59 - Restoring session state from backup
2024-12-16 16:02:01,216 - loyalty_model - INFO - logging_config.py:59 - Initializing Financial Model
2024-12-16 16:02:01,219 - loyalty_model - DEBUG - logging_config.py:63 - Starting financial calculations
2024-12-16 16:02:01,220 - loyalty_model - INFO - logging_config.py:59 - Initial active users calculated: 400.0
2024-12-16 16:02:01,254 - loyalty_model - INFO - logging_config.py:59 - Initializing Financial Model
2024-12-16 16:02:01,254 - loyalty_model - DEBUG - logging_config.py:63 - Starting financial calculations
2024-12-16 16:02:01,254 - loyalty_model - INFO - logging_config.py:59 - Initial active users calculated: 400.0
2024-12-16 16:02:01,446 - loyalty_model - INFO - logging_config.py:59 - Initializing Financial Model
2024-12-16 16:02:01,447 - loyalty_model - DEBUG - logging_config.py:63 - Starting financial calculations
2024-12-16 16:02:01,448 - loyalty_model - INFO - logging_config.py:59 - Initial active users calculated: 400.0
2024-12-16 16:36:15,223 - loyalty_model - INFO - logging_config.py:59 - Initializing Financial Model
2024-12-16 16:36:15,225 - loyalty_model - INFO - logging_config.py:59 - Creating session state backup
2024-12-16 16:36:15,226 - loyalty_model - DEBUG - logging_config.py:63 - Starting financial calculations
2024-12-16 16:36:15,227 - loyalty_model - INFO - logging_config.py:59 - Initial active users calculated: 280.0
2024-12-16 16:36:15,228 - loyalty_model - INFO - logging_config.py:59 - Restoring session state from backup
2024-12-16 16:36:15,230 - loyalty_model - INFO - logging_config.py:59 - Creating session state backup
2024-12-16 16:36:15,232 - loyalty_model - DEBUG - logging_config.py:63 - Starting financial calculations
2024-12-16 16:36:15,232 - loyalty_model - INFO - logging_config.py:59 - Initial active users calculated: 400.0
2024-12-16 16:36:15,233 - loyalty_model - INFO - logging_config.py:59 - Restoring session state from backup
2024-12-16 16:36:15,235 - loyalty_model - INFO - logging_config.py:59 - Creating session state backup
2024-12-16 16:36:15,237 - loyalty_model - DEBUG - logging_config.py:63 - Starting financial calculations
2024-12-16 16:36:15,237 - loyalty_model - INFO - logging_config.py:59 - Initial active users calculated: 540.0
2024-12-16 16:36:15,239 - loyalty_model - INFO - logging_config.py:59 - Restoring session state from backup
2024-12-16 16:36:18,159 - loyalty_model - INFO - logging_config.py:59 - Initializing Financial Model
2024-12-16 16:36:18,159 - loyalty_model - DEBUG - logging_config.py:63 - Starting financial calculations
2024-12-16 16:36:18,159 - loyalty_model - INFO - logging_config.py:59 - Initial active users calculated: 400.0
2024-12-16 16:36:19,025 - loyalty_model - INFO - logging_config.py:59 - Initializing Financial Model
2024-12-16 16:36:19,026 - loyalty_model - DEBUG - logging_config.py:63 - Starting financial calculations
2024-12-16 16:36:19,026 - loyalty_model - INFO - logging_config.py:59 - Initial active users calculated: 400.0
2024-12-16 16:37:06,339 - loyalty_model - INFO - logging_config.py:59 - Initializing Financial Model
2024-12-16 16:37:06,340 - loyalty_model - INFO - logging_config.py:59 - Creating session state backup
2024-12-16 16:37:06,342 - loyalty_model - DEBUG - logging_config.py:63 - Starting financial calculations
2024-12-16 16:37:06,343 - loyalty_model - INFO - logging_config.py:59 - Initial active users calculated: 280.0
2024-12-16 16:37:06,344 - loyalty_model - INFO - logging_config.py:59 - Restoring session state from backup
2024-12-16 16:37:06,346 - loyalty_model - INFO - logging_config.py:59 - Creating session state backup
2024-12-16 16:37:06,348 - loyalty_model - DEBUG - logging_config.py:63 - Starting financial calculations
2024-12-16 16:37:06,348 - loyalty_model - INFO - logging_config.py:59 - Initial active users calculated: 400.0
2024-12-16 16:37:06,349 - loyalty_model - INFO - logging_config.py:59 - Restoring session state from backup
2024-12-16 16:37:06,351 - loyalty_model - INFO - logging_config.py:59 - Creating session state backup
2024-12-16 16:37:06,353 - loyalty_model - DEBUG - logging_config.py:63 - Starting financial calculations
2024-12-16 16:37:06,354 - loyalty_model - INFO - logging_config.py:59 - Initial active users calculated: 540.0
2024-12-16 16:37:06,355 - loyalty_model - INFO - logging_config.py:59 - Restoring session state from backup
2024-12-16 16:37:16,899 - loyalty_model - INFO - logging_config.py:59 - Initializing Financial Model
2024-12-16 16:37:16,900 - loyalty_model - INFO - logging_config.py:59 - Creating session state backup
2024-12-16 16:37:16,902 - loyalty_model - DEBUG - logging_config.py:63 - Starting financial calculations
2024-12-16 16:37:16,903 - loyalty_model - INFO - logging_config.py:59 - Initial active users calculated: 280.0
2024-12-16 16:37:16,906 - loyalty_model - INFO - logging_config.py:59 - Restoring session state from backup
2024-12-16 16:37:16,908 - loyalty_model - INFO - logging_config.py:59 - Creating session state backup
2024-12-16 16:37:16,910 - loyalty_model - DEBUG - logging_config.py:63 - Starting financial calculations
2024-12-16 16:37:16,910 - loyalty_model - INFO - logging_config.py:59 - Initial active users calculated: 400.0
2024-12-16 16:37:16,912 - loyalty_model - INFO - logging_config.py:59 - Restoring session state from backup
2024-12-16 16:37:17,795 - loyalty_model - INFO - logging_config.py:59 - Initializing Financial Model
2024-12-16 16:37:17,796 - loyalty_model - INFO - logging_config.py:59 - Creating session state backup
2024-12-16 16:37:17,797 - loyalty_model - DEBUG - logging_config.py:63 - Starting financial calculations
2024-12-16 16:37:17,799 - loyalty_model - INFO - logging_config.py:59 - Initial active users calculated: 280.0
2024-12-16 16:37:17,802 - loyalty_model - INFO - logging_config.py:59 - Restoring session state from backup
2024-12-16 16:37:20,852 - loyalty_model - INFO - logging_config.py:59 - Initializing Financial Model
2024-12-16 16:37:20,853 - loyalty_model - INFO - logging_config.py:59 - Creating session state backup
2024-12-16 16:37:20,855 - loyalty_model - DEBUG - logging_config.py:63 - Starting financial calculations
2024-12-16 16:37:20,855 - loyalty_model - INFO - logging_config.py:59 - Initial active users calculated: 280.0
2024-12-16 16:37:20,861 - loyalty_model - INFO - logging_config.py:59 - Restoring session state from backup
2024-12-16 16:37:20,864 - loyalty_model - INFO - logging_config.py:59 - Creating session state backup
2024-12-16 16:37:20,866 - loyalty_model - DEBUG - logging_config.py:63 - Starting financial calculations
2024-12-16 16:37:20,866 - loyalty_model - INFO - logging_config.py:59 - Initial active users calculated: 400.0
2024-12-16 16:37:20,868 - loyalty_model - INFO - logging_config.py:59 - Restoring session state from backup
2024-12-16 16:37:22,509 - loyalty_model - INFO - logging_config.py:59 - Initializing Financial Model
2024-12-16 16:37:22,510 - loyalty_model - INFO - logging_config.py:59 - Creating session state backup
2024-12-16 16:37:22,512 - loyalty_model - DEBUG - logging_config.py:63 - Starting financial calculations
2024-12-16 16:37:22,513 - loyalty_model - INFO - logging_config.py:59 - Initial active users calculated: 280.0
2024-12-16 16:37:22,514 - loyalty_model - INFO - logging_config.py:59 - Restoring session state from backup
2024-12-16 16:37:22,518 - loyalty_model - INFO - logging_config.py:59 - Creating session state backup
2024-12-16 16:37:22,519 - loyalty_model - DEBUG - logging_config.py:63 - Starting financial calculations
2024-12-16 16:37:22,519 - loyalty_model - INFO - logging_config.py:59 - Initial active users calculated: 400.0
2024-12-16 16:37:22,520 - loyalty_model - INFO - logging_config.py:59 - Restoring session state from backup
2024-12-16 16:37:22,523 - loyalty_model - INFO - logging_config.py:59 - Creating session state backup
2024-12-16 16:37:22,524 - loyalty_model - DEBUG - logging_config.py:63 - Starting financial calculations
2024-12-16 16:37:22,525 - loyalty_model - INFO - logging_config.py:59 - Initial active users calculated: 540.0
2024-12-16 16:37:22,526 - loyalty_model - INFO - logging_config.py:59 - Restoring session state from backup
2024-12-16 16:37:35,129 - loyalty_model - INFO - logging_config.py:59 - Initializing Financial Model
2024-12-16 16:37:35,135 - loyalty_model - DEBUG - logging_config.py:63 - Starting financial calculations
2024-12-16 16:37:35,135 - loyalty_model - INFO - logging_config.py:59 - Initial active users calculated: 400.0
2024-12-16 17:12:13,278 - loyalty_model - INFO - logging_config.py:59 - Initializing Financial Model
2024-12-16 17:12:13,279 - loyalty_model - DEBUG - logging_config.py:63 - Starting financial calculations
2024-12-16 17:12:13,280 - loyalty_model - INFO - logging_config.py:59 - Initial active users calculated: 400.0
2024-12-16 17:12:23,477 - loyalty_model - INFO - logging_config.py:59 - Initializing Financial Model
2024-12-16 17:12:23,481 - loyalty_model - INFO - logging_config.py:59 - Creating session state backup
2024-12-16 17:12:23,484 - loyalty_model - INFO - logging_config.py:59 - Applied preset pessimistic with values: {'initial_users': 800, 'active_conversion': 0.35, 'growth_rate_y1': 0.2, 'growth_rate_y2': 0.1, 'avg_check': 2500, 'cashback_percent': 0.12, 'points_usage_rate': 0.6, 'exchange_commission_rate': 0.02, 'reward_commission_rate': 0.03, 'burn_rate_fot_1': 3000000, 'burn_rate_fot_2': 4000000, 'base_infra_cost': 250000, 'monthly_marketing_budget': 150000, 'marketing_efficiency': 80, 'ad_revenue_per_user': 15, 'partnership_rate': 0.003}
2024-12-16 17:12:23,485 - loyalty_model - DEBUG - logging_config.py:63 - Starting financial calculations
2024-12-16 17:12:23,486 - loyalty_model - INFO - logging_config.py:59 - Initial active users calculated: 280.0
2024-12-16 17:12:23,488 - loyalty_model - INFO - logging_config.py:59 - Restoring session state from backup
2024-12-16 17:12:23,495 - loyalty_model - INFO - logging_config.py:59 - Creating session state backup
2024-12-16 17:12:23,499 - loyalty_model - INFO - logging_config.py:59 - Applied preset standard with values: {'initial_users': 1000, 'active_conversion': 0.4, 'growth_rate_y1': 0.3, 'growth_rate_y2': 0.15, 'avg_check': 3000, 'cashback_percent': 0.15, 'points_usage_rate': 0.7, 'exchange_commission_rate': 0.03, 'reward_commission_rate': 0.05, 'burn_rate_fot_1': 2500000, 'burn_rate_fot_2': 3500000, 'base_infra_cost': 200000, 'monthly_marketing_budget': 200000, 'marketing_efficiency': 100, 'ad_revenue_per_user': 20, 'partnership_rate': 0.005}
2024-12-16 17:12:23,499 - loyalty_model - DEBUG - logging_config.py:63 - Starting financial calculations
2024-12-16 17:12:23,500 - loyalty_model - INFO - logging_config.py:59 - Initial active users calculated: 400.0
2024-12-16 17:12:23,504 - loyalty_model - INFO - logging_config.py:59 - Restoring session state from backup
2024-12-16 17:12:23,508 - loyalty_model - INFO - logging_config.py:59 - Creating session state backup
2024-12-16 17:12:23,510 - loyalty_model - INFO - logging_config.py:59 - Applied preset optimistic with values: {'initial_users': 1200, 'active_conversion': 0.45, 'growth_rate_y1': 0.4, 'growth_rate_y2': 0.2, 'avg_check': 3500, 'cashback_percent': 0.18, 'points_usage_rate': 0.8, 'exchange_commission_rate': 0.04, 'reward_commission_rate': 0.06, 'burn_rate_fot_1': 2000000, 'burn_rate_fot_2': 3000000, 'base_infra_cost': 180000, 'monthly_marketing_budget': 250000, 'marketing_efficiency': 120, 'ad_revenue_per_user': 25, 'partnership_rate': 0.007}
2024-12-16 17:12:23,511 - loyalty_model - DEBUG - logging_config.py:63 - Starting financial calculations
2024-12-16 17:12:23,511 - loyalty_model - INFO - logging_config.py:59 - Initial active users calculated: 540.0
2024-12-16 17:12:23,513 - loyalty_model - INFO - logging_config.py:59 - Restoring session state from backup
2024-12-16 17:12:29,907 - loyalty_model - INFO - logging_config.py:59 - Initializing Financial Model
2024-12-16 17:12:29,920 - loyalty_model - INFO - logging_config.py:59 - Creating session state backup
2024-12-16 17:12:29,923 - loyalty_model - INFO - logging_config.py:59 - Applied preset pessimistic with values: {'initial_users': 800, 'active_conversion': 0.35, 'growth_rate_y1': 0.2, 'growth_rate_y2': 0.1, 'avg_check': 2500, 'cashback_percent': 0.12, 'points_usage_rate': 0.6, 'exchange_commission_rate': 0.02, 'reward_commission_rate': 0.03, 'burn_rate_fot_1': 3000000, 'burn_rate_fot_2': 4000000, 'base_infra_cost': 250000, 'monthly_marketing_budget': 150000, 'marketing_efficiency': 80, 'ad_revenue_per_user': 15, 'partnership_rate': 0.003}
2024-12-16 17:12:29,938 - loyalty_model - DEBUG - logging_config.py:63 - Starting financial calculations
2024-12-16 17:12:29,940 - loyalty_model - INFO - logging_config.py:59 - Initial active users calculated: 280.0
2024-12-16 17:12:29,947 - loyalty_model - INFO - logging_config.py:59 - Restoring session state from backup
2024-12-16 17:12:29,950 - loyalty_model - INFO - logging_config.py:59 - Creating session state backup
2024-12-16 17:12:29,951 - loyalty_model - INFO - logging_config.py:59 - Applied preset standard with values: {'initial_users': 1000, 'active_conversion': 0.4, 'growth_rate_y1': 0.3, 'growth_rate_y2': 0.15, 'avg_check': 3000, 'cashback_percent': 0.15, 'points_usage_rate': 0.7, 'exchange_commission_rate': 0.03, 'reward_commission_rate': 0.05, 'burn_rate_fot_1': 2500000, 'burn_rate_fot_2': 3500000, 'base_infra_cost': 200000, 'monthly_marketing_budget': 200000, 'marketing_efficiency': 100, 'ad_revenue_per_user': 20, 'partnership_rate': 0.005}
2024-12-16 17:12:29,952 - loyalty_model - DEBUG - logging_config.py:63 - Starting financial calculations
2024-12-16 17:12:29,952 - loyalty_model - INFO - logging_config.py:59 - Initial active users calculated: 400.0
2024-12-16 17:12:29,954 - loyalty_model - INFO - logging_config.py:59 - Restoring session state from backup
2024-12-16 17:12:29,955 - loyalty_model - INFO - logging_config.py:59 - Creating session state backup
2024-12-16 17:12:29,957 - loyalty_model - INFO - logging_config.py:59 - Applied preset optimistic with values: {'initial_users': 1200, 'active_conversion': 0.45, 'growth_rate_y1': 0.4, 'growth_rate_y2': 0.2, 'avg_check': 3500, 'cashback_percent': 0.18, 'points_usage_rate': 0.8, 'exchange_commission_rate': 0.04, 'reward_commission_rate': 0.06, 'burn_rate_fot_1': 2000000, 'burn_rate_fot_2': 3000000, 'base_infra_cost': 180000, 'monthly_marketing_budget': 250000, 'marketing_efficiency': 120, 'ad_revenue_per_user': 25, 'partnership_rate': 0.007}
2024-12-16 17:12:29,958 - loyalty_model - DEBUG - logging_config.py:63 - Starting financial calculations
2024-12-16 17:12:29,958 - loyalty_model - INFO - logging_config.py:59 - Initial active users calculated: 540.0
2024-12-16 17:12:29,960 - loyalty_model - INFO - logging_config.py:59 - Restoring session state from backup
2024-12-16 17:12:39,743 - loyalty_model - INFO - logging_config.py:59 - Initializing Financial Model
2024-12-16 17:12:39,747 - loyalty_model - DEBUG - logging_config.py:63 - Starting financial calculations
2024-12-16 17:12:39,749 - loyalty_model - INFO - logging_config.py:59 - Initial active users calculated: 400.0
2024-12-16 17:15:29,600 - loyalty_model - INFO - logging_config.py:59 - Initializing Financial Model
2024-12-16 17:15:29,602 - loyalty_model - DEBUG - logging_config.py:63 - Starting financial calculations
2024-12-16 17:15:29,604 - loyalty_model - INFO - logging_config.py:59 - Initial active users calculated: 400.0
2024-12-16 17:15:33,002 - loyalty_model - INFO - logging_config.py:59 - Initializing Financial Model
2024-12-16 17:15:33,012 - loyalty_model - DEBUG - logging_config.py:63 - Starting financial calculations
2024-12-16 17:15:33,033 - loyalty_model - INFO - logging_config.py:59 - Initial active users calculated: 400.0
2024-12-16 17:18:12,941 - loyalty_model - INFO - logging_config.py:59 - Initializing Financial Model
2024-12-16 17:18:12,944 - loyalty_model - DEBUG - logging_config.py:63 - Starting financial calculations
2024-12-16 17:18:12,950 - loyalty_model - INFO - logging_config.py:59 - Initial active users calculated: 400.0
2024-12-16 17:18:15,822 - loyalty_model - INFO - logging_config.py:59 - Initializing Financial Model
2024-12-16 17:18:15,823 - loyalty_model - DEBUG - logging_config.py:63 - Starting financial calculations
2024-12-16 17:18:15,824 - loyalty_model - INFO - logging_config.py:59 - Initial active users calculated: 400.0
2024-12-16 17:20:53,787 - loyalty_model - INFO - logging_config.py:59 - Initializing Financial Model
2024-12-16 17:20:53,787 - loyalty_model - DEBUG - logging_config.py:63 - Starting financial calculations
2024-12-16 17:20:53,787 - loyalty_model - INFO - logging_config.py:59 - Initial active users calculated: 400.0
2024-12-16 17:20:57,328 - loyalty_model - INFO - logging_config.py:59 - Initializing Financial Model
2024-12-16 17:20:57,330 - loyalty_model - DEBUG - logging_config.py:63 - Starting financial calculations
2024-12-16 17:20:57,331 - loyalty_model - INFO - logging_config.py:59 - Initial active users calculated: 400.0
2024-12-16 17:21:19,275 - loyalty_model - INFO - logging_config.py:59 - Initializing Financial Model
2024-12-16 17:21:19,276 - loyalty_model - INFO - logging_config.py:59 - Creating session state backup
2024-12-16 17:21:19,278 - loyalty_model - INFO - logging_config.py:59 - Applied preset pessimistic with values: {'initial_users': 800, 'active_conversion': 0.35, 'growth_rate_y1': 0.2, 'growth_rate_y2': 0.1, 'avg_check': 2500, 'cashback_percent': 0.12, 'points_usage_rate': 0.6, 'exchange_commission_rate': 0.02, 'reward_commission_rate': 0.03, 'burn_rate_fot_1': 3000000, 'burn_rate_fot_2': 4000000, 'base_infra_cost': 250000, 'monthly_marketing_budget': 150000, 'marketing_efficiency': 80, 'ad_revenue_per_user': 15, 'partnership_rate': 0.003}
2024-12-16 17:21:19,279 - loyalty_model - DEBUG - logging_config.py:63 - Starting financial calculations
2024-12-16 17:21:19,279 - loyalty_model - INFO - logging_config.py:59 - Initial active users calculated: 280.0
2024-12-16 17:21:19,281 - loyalty_model - INFO - logging_config.py:59 - Restoring session state from backup
2024-12-16 17:21:19,285 - loyalty_model - INFO - logging_config.py:59 - Creating session state backup
2024-12-16 17:21:19,288 - loyalty_model - INFO - logging_config.py:59 - Applied preset standard with values: {'initial_users': 1000, 'active_conversion': 0.4, 'growth_rate_y1': 0.3, 'growth_rate_y2': 0.15, 'avg_check': 3000, 'cashback_percent': 0.15, 'points_usage_rate': 0.7, 'exchange_commission_rate': 0.03, 'reward_commission_rate': 0.05, 'burn_rate_fot_1': 2500000, 'burn_rate_fot_2': 3500000, 'base_infra_cost': 200000, 'monthly_marketing_budget': 200000, 'marketing_efficiency': 100, 'ad_revenue_per_user': 20, 'partnership_rate': 0.005}
2024-12-16 17:21:19,289 - loyalty_model - DEBUG - logging_config.py:63 - Starting financial calculations
2024-12-16 17:21:19,289 - loyalty_model - INFO - logging_config.py:59 - Initial active users calculated: 400.0
2024-12-16 17:21:19,292 - loyalty_model - INFO - logging_config.py:59 - Restoring session state from backup
2024-12-16 17:21:19,294 - loyalty_model - INFO - logging_config.py:59 - Creating session state backup
2024-12-16 17:21:19,296 - loyalty_model - INFO - logging_config.py:59 - Applied preset optimistic with values: {'initial_users': 1200, 'active_conversion': 0.45, 'growth_rate_y1': 0.4, 'growth_rate_y2': 0.2, 'avg_check': 3500, 'cashback_percent': 0.18, 'points_usage_rate': 0.8, 'exchange_commission_rate': 0.04, 'reward_commission_rate': 0.06, 'burn_rate_fot_1': 2000000, 'burn_rate_fot_2': 3000000, 'base_infra_cost': 180000, 'monthly_marketing_budget': 250000, 'marketing_efficiency': 120, 'ad_revenue_per_user': 25, 'partnership_rate': 0.007}
2024-12-16 17:21:19,296 - loyalty_model - DEBUG - logging_config.py:63 - Starting financial calculations
2024-12-16 17:21:19,297 - loyalty_model - INFO - logging_config.py:59 - Initial active users calculated: 540.0
2024-12-16 17:21:19,298 - loyalty_model - INFO - logging_config.py:59 - Restoring session state from backup
2024-12-16 17:21:26,460 - loyalty_model - INFO - logging_config.py:59 - Initializing Financial Model
2024-12-16 17:21:26,461 - loyalty_model - DEBUG - logging_config.py:63 - Starting financial calculations
2024-12-16 17:21:26,462 - loyalty_model - INFO - logging_config.py:59 - Initial active users calculated: 400.0
2024-12-16 17:26:24,300 - loyalty_model - INFO - logging_config.py:59 - Initializing Financial Model
2024-12-16 17:26:24,301 - loyalty_model - DEBUG - logging_config.py:63 - Starting financial calculations
2024-12-16 17:26:24,301 - loyalty_model - INFO - logging_config.py:59 - Initial active users calculated: 400.0
2024-12-16 17:26:30,004 - loyalty_model - INFO - logging_config.py:59 - Initializing Financial Model
2024-12-16 17:26:30,020 - loyalty_model - DEBUG - logging_config.py:63 - Starting financial calculations
2024-12-16 17:26:30,025 - loyalty_model - INFO - logging_config.py:59 - Initial active users calculated: 400.0
2024-12-16 17:28:58,878 - loyalty_model - INFO - logging_config.py:59 - Initializing Financial Model
2024-12-16 17:28:58,879 - loyalty_model - DEBUG - logging_config.py:63 - Starting financial calculations
2024-12-16 17:28:58,880 - loyalty_model - INFO - logging_config.py:59 - Initial active users calculated: 400.0
2024-12-16 17:29:02,165 - loyalty_model - INFO - logging_config.py:59 - Initializing Financial Model
2024-12-16 17:29:02,166 - loyalty_model - DEBUG - logging_config.py:63 - Starting financial calculations
2024-12-16 17:29:02,166 - loyalty_model - INFO - logging_config.py:59 - Initial active users calculated: 400.0
2024-12-16 17:31:21,964 - loyalty_model - INFO - logging_config.py:59 - Initializing Financial Model
2024-12-16 17:31:21,965 - loyalty_model - DEBUG - logging_config.py:63 - Starting financial calculations
2024-12-16 17:31:21,965 - loyalty_model - INFO - logging_config.py:59 - Initial active users calculated: 400.0
2024-12-16 17:31:25,546 - loyalty_model - INFO - logging_config.py:59 - Initializing Financial Model
2024-12-16 17:31:25,553 - loyalty_model - DEBUG - logging_config.py:63 - Starting financial calculations
2024-12-16 17:31:25,558 - loyalty_model - INFO - logging_config.py:59 - Initial active users calculated: 400.0
2024-12-16 17:32:47,432 - loyalty_model - INFO - logging_config.py:59 - Initializing Financial Model
2024-12-16 17:32:47,435 - loyalty_model - INFO - logging_config.py:59 - Creating session state backup
2024-12-16 17:32:47,438 - loyalty_model - INFO - logging_config.py:59 - Applied preset pessimistic with values: {'initial_users': 800, 'active_conversion': 0.35, 'growth_rate_y1': 0.2, 'growth_rate_y2': 0.1, 'avg_check': 2500, 'cashback_percent': 0.12, 'points_usage_rate': 0.6, 'exchange_commission_rate': 0.02, 'reward_commission_rate': 0.03, 'burn_rate_fot_1': 3000000, 'burn_rate_fot_2': 4000000, 'base_infra_cost': 250000, 'monthly_marketing_budget': 150000, 'marketing_efficiency': 80, 'ad_revenue_per_user': 15, 'partnership_rate': 0.003}
2024-12-16 17:32:47,438 - loyalty_model - DEBUG - logging_config.py:63 - Starting financial calculations
2024-12-16 17:32:47,438 - loyalty_model - INFO - logging_config.py:59 - Initial active users calculated: 280.0
2024-12-16 17:32:47,439 - loyalty_model - INFO - logging_config.py:59 - Restoring session state from backup
2024-12-16 17:32:47,442 - loyalty_model - INFO - logging_config.py:59 - Creating session state backup
2024-12-16 17:32:47,443 - loyalty_model - INFO - logging_config.py:59 - Applied preset standard with values: {'initial_users': 1000, 'active_conversion': 0.4, 'growth_rate_y1': 0.3, 'growth_rate_y2': 0.15, 'avg_check': 3000, 'cashback_percent': 0.15, 'points_usage_rate': 0.7, 'exchange_commission_rate': 0.03, 'reward_commission_rate': 0.05, 'burn_rate_fot_1': 2500000, 'burn_rate_fot_2': 3500000, 'base_infra_cost': 200000, 'monthly_marketing_budget': 200000, 'marketing_efficiency': 100, 'ad_revenue_per_user': 20, 'partnership_rate': 0.005}
2024-12-16 17:32:47,443 - loyalty_model - DEBUG - logging_config.py:63 - Starting financial calculations
2024-12-16 17:32:47,444 - loyalty_model - INFO - logging_config.py:59 - Initial active users calculated: 400.0
2024-12-16 17:32:47,446 - loyalty_model - INFO - logging_config.py:59 - Restoring session state from backup
2024-12-16 17:32:47,449 - loyalty_model - INFO - logging_config.py:59 - Creating session state backup
2024-12-16 17:32:47,452 - loyalty_model - INFO - logging_config.py:59 - Applied preset optimistic with values: {'initial_users': 1200, 'active_conversion': 0.45, 'growth_rate_y1': 0.4, 'growth_rate_y2': 0.2, 'avg_check': 3500, 'cashback_percent': 0.18, 'points_usage_rate': 0.8, 'exchange_commission_rate': 0.04, 'reward_commission_rate': 0.06, 'burn_rate_fot_1': 2000000, 'burn_rate_fot_2': 3000000, 'base_infra_cost': 180000, 'monthly_marketing_budget': 250000, 'marketing_efficiency': 120, 'ad_revenue_per_user': 25, 'partnership_rate': 0.007}
2024-12-16 17:32:47,453 - loyalty_model - DEBUG - logging_config.py:63 - Starting financial calculations
2024-12-16 17:32:47,453 - loyalty_model - INFO - logging_config.py:59 - Initial active users calculated: 540.0
2024-12-16 17:32:47,455 - loyalty_model - INFO - logging_config.py:59 - Restoring session state from backup
2024-12-16 17:32:58,931 - loyalty_model - INFO - logging_config.py:59 - Initializing Financial Model
2024-12-16 17:32:58,933 - loyalty_model - DEBUG - logging_config.py:63 - Starting financial calculations
2024-12-16 17:32:58,933 - loyalty_model - INFO - logging_config.py:59 - Initial active users calculated: 400.0
2024-12-16 17:34:53,364 - loyalty_model - INFO - logging_config.py:59 - Initializing Financial Model
2024-12-16 17:34:53,365 - loyalty_model - DEBUG - logging_config.py:63 - Starting financial calculations
2024-12-16 17:34:53,365 - loyalty_model - INFO - logging_config.py:59 - Initial active users calculated: 400.0
2024-12-16 17:35:14,825 - loyalty_model - INFO - logging_config.py:59 - Initializing Financial Model
2024-12-16 17:35:14,828 - loyalty_model - INFO - logging_config.py:59 - Creating session state backup
2024-12-16 17:35:14,830 - loyalty_model - INFO - logging_config.py:59 - Applied preset pessimistic with values: {'initial_users': 800, 'active_conversion': 0.35, 'growth_rate_y1': 0.2, 'growth_rate_y2': 0.1, 'avg_check': 2500, 'cashback_percent': 0.12, 'points_usage_rate': 0.6, 'exchange_commission_rate': 0.02, 'reward_commission_rate': 0.03, 'burn_rate_fot_1': 3000000, 'burn_rate_fot_2': 4000000, 'base_infra_cost': 250000, 'monthly_marketing_budget': 150000, 'marketing_efficiency': 80, 'ad_revenue_per_user': 15, 'partnership_rate': 0.003}
2024-12-16 17:35:14,831 - loyalty_model - DEBUG - logging_config.py:63 - Starting financial calculations
2024-12-16 17:35:14,832 - loyalty_model - INFO - logging_config.py:59 - Initial active users calculated: 280.0
2024-12-16 17:35:14,833 - loyalty_model - INFO - logging_config.py:59 - Restoring session state from backup
2024-12-16 17:35:14,836 - loyalty_model - INFO - logging_config.py:59 - Creating session state backup
2024-12-16 17:35:14,837 - loyalty_model - INFO - logging_config.py:59 - Applied preset standard with values: {'initial_users': 1000, 'active_conversion': 0.4, 'growth_rate_y1': 0.3, 'growth_rate_y2': 0.15, 'avg_check': 3000, 'cashback_percent': 0.15, 'points_usage_rate': 0.7, 'exchange_commission_rate': 0.03, 'reward_commission_rate': 0.05, 'burn_rate_fot_1': 2500000, 'burn_rate_fot_2': 3500000, 'base_infra_cost': 200000, 'monthly_marketing_budget': 200000, 'marketing_efficiency': 100, 'ad_revenue_per_user': 20, 'partnership_rate': 0.005}
2024-12-16 17:35:14,837 - loyalty_model - DEBUG - logging_config.py:63 - Starting financial calculations
2024-12-16 17:35:14,838 - loyalty_model - INFO - logging_config.py:59 - Initial active users calculated: 400.0
2024-12-16 17:35:14,840 - loyalty_model - INFO - logging_config.py:59 - Restoring session state from backup
2024-12-16 17:35:14,842 - loyalty_model - INFO - logging_config.py:59 - Creating session state backup
2024-12-16 17:35:14,845 - loyalty_model - INFO - logging_config.py:59 - Applied preset optimistic with values: {'initial_users': 1200, 'active_conversion': 0.45, 'growth_rate_y1': 0.4, 'growth_rate_y2': 0.2, 'avg_check': 3500, 'cashback_percent': 0.18, 'points_usage_rate': 0.8, 'exchange_commission_rate': 0.04, 'reward_commission_rate': 0.06, 'burn_rate_fot_1': 2000000, 'burn_rate_fot_2': 3000000, 'base_infra_cost': 180000, 'monthly_marketing_budget': 250000, 'marketing_efficiency': 120, 'ad_revenue_per_user': 25, 'partnership_rate': 0.007}
2024-12-16 17:35:14,845 - loyalty_model - DEBUG - logging_config.py:63 - Starting financial calculations
2024-12-16 17:35:14,846 - loyalty_model - INFO - logging_config.py:59 - Initial active users calculated: 540.0
2024-12-16 17:35:14,847 - loyalty_model - INFO - logging_config.py:59 - Restoring session state from backup
2024-12-16 17:35:50,044 - loyalty_model - INFO - logging_config.py:59 - Initializing Financial Model
2024-12-16 17:35:50,047 - loyalty_model - INFO - logging_config.py:59 - Creating session state backup
2024-12-16 17:35:50,048 - loyalty_model - INFO - logging_config.py:59 - Applied preset pessimistic with values: {'initial_users': 800, 'active_conversion': 0.35, 'growth_rate_y1': 0.2, 'growth_rate_y2': 0.1, 'avg_check': 2500, 'cashback_percent': 0.12, 'points_usage_rate': 0.6, 'exchange_commission_rate': 0.02, 'reward_commission_rate': 0.03, 'burn_rate_fot_1': 3000000, 'burn_rate_fot_2': 4000000, 'base_infra_cost': 250000, 'monthly_marketing_budget': 150000, 'marketing_efficiency': 80, 'ad_revenue_per_user': 15, 'partnership_rate': 0.003}
2024-12-16 17:35:50,049 - loyalty_model - DEBUG - logging_config.py:63 - Starting financial calculations
2024-12-16 17:35:50,050 - loyalty_model - INFO - logging_config.py:59 - Initial active users calculated: 280.0
2024-12-16 17:35:50,051 - loyalty_model - INFO - logging_config.py:59 - Restoring session state from backup
2024-12-16 17:35:50,053 - loyalty_model - INFO - logging_config.py:59 - Creating session state backup
2024-12-16 17:35:50,054 - loyalty_model - INFO - logging_config.py:59 - Applied preset standard with values: {'initial_users': 1000, 'active_conversion': 0.4, 'growth_rate_y1': 0.3, 'growth_rate_y2': 0.15, 'avg_check': 3000, 'cashback_percent': 0.15, 'points_usage_rate': 0.7, 'exchange_commission_rate': 0.03, 'reward_commission_rate': 0.05, 'burn_rate_fot_1': 2500000, 'burn_rate_fot_2': 3500000, 'base_infra_cost': 200000, 'monthly_marketing_budget': 200000, 'marketing_efficiency': 100, 'ad_revenue_per_user': 20, 'partnership_rate': 0.005}
2024-12-16 17:35:50,055 - loyalty_model - DEBUG - logging_config.py:63 - Starting financial calculations
2024-12-16 17:35:50,055 - loyalty_model - INFO - logging_config.py:59 - Initial active users calculated: 400.0
2024-12-16 17:35:50,056 - loyalty_model - INFO - logging_config.py:59 - Restoring session state from backup
2024-12-16 17:35:50,058 - loyalty_model - INFO - logging_config.py:59 - Creating session state backup
2024-12-16 17:35:50,060 - loyalty_model - INFO - logging_config.py:59 - Applied preset optimistic with values: {'initial_users': 1200, 'active_conversion': 0.45, 'growth_rate_y1': 0.4, 'growth_rate_y2': 0.2, 'avg_check': 3500, 'cashback_percent': 0.18, 'points_usage_rate': 0.8, 'exchange_commission_rate': 0.04, 'reward_commission_rate': 0.06, 'burn_rate_fot_1': 2000000, 'burn_rate_fot_2': 3000000, 'base_infra_cost': 180000, 'monthly_marketing_budget': 250000, 'marketing_efficiency': 120, 'ad_revenue_per_user': 25, 'partnership_rate': 0.007}
2024-12-16 17:35:50,061 - loyalty_model - DEBUG - logging_config.py:63 - Starting financial calculations
2024-12-16 17:35:50,061 - loyalty_model - INFO - logging_config.py:59 - Initial active users calculated: 540.0
2024-12-16 17:35:50,062 - loyalty_model - INFO - logging_config.py:59 - Restoring session state from backup
2024-12-16 17:39:14,255 - loyalty_model - INFO - logging_config.py:59 - Initializing Financial Model
2024-12-16 17:39:14,258 - loyalty_model - DEBUG - logging_config.py:63 - Starting financial calculations
2024-12-16 17:39:14,258 - loyalty_model - INFO - logging_config.py:59 - Initial active users calculated: 400.0
2024-12-16 17:39:14,694 - loyalty_model - INFO - logging_config.py:59 - Initializing Financial Model
2024-12-16 17:39:14,696 - loyalty_model - DEBUG - logging_config.py:63 - Starting financial calculations
2024-12-16 17:39:14,696 - loyalty_model - INFO - logging_config.py:59 - Initial active users calculated: 400.0
2024-12-16 17:39:22,049 - loyalty_model - INFO - logging_config.py:59 - Initializing Financial Model
2024-12-16 17:39:22,050 - loyalty_model - DEBUG - logging_config.py:63 - Starting financial calculations
2024-12-16 17:39:22,050 - loyalty_model - INFO - logging_config.py:59 - Initial active users calculated: 400.0
2024-12-16 17:40:39,825 - loyalty_model - INFO - logging_config.py:59 - Initializing Financial Model
2024-12-16 17:40:39,826 - loyalty_model - DEBUG - logging_config.py:63 - Starting financial calculations
2024-12-16 17:40:39,831 - loyalty_model - INFO - logging_config.py:59 - Initial active users calculated: 400.0
2024-12-16 17:41:22,615 - loyalty_model - INFO - logging_config.py:59 - Initializing Financial Model
2024-12-16 17:41:22,615 - loyalty_model - DEBUG - logging_config.py:63 - Starting financial calculations
2024-12-16 17:41:22,615 - loyalty_model - INFO - logging_config.py:59 - Initial active users calculated: 400.0
2024-12-16 17:41:43,082 - loyalty_model - INFO - logging_config.py:59 - Initializing Financial Model
2024-12-16 17:41:43,087 - loyalty_model - DEBUG - logging_config.py:63 - Starting financial calculations
2024-12-16 17:41:43,087 - loyalty_model - INFO - logging_config.py:59 - Initial active users calculated: 280.0
2024-12-16 17:42:10,406 - loyalty_model - INFO - logging_config.py:59 - Initializing Financial Model
2024-12-16 17:42:10,407 - loyalty_model - DEBUG - logging_config.py:63 - Starting financial calculations
2024-12-16 17:42:10,408 - loyalty_model - INFO - logging_config.py:59 - Initial active users calculated: 400.0
2024-12-16 17:42:57,759 - loyalty_model - INFO - logging_config.py:59 - Initializing Financial Model
2024-12-16 17:42:57,764 - loyalty_model - DEBUG - logging_config.py:63 - Starting financial calculations
2024-12-16 17:42:57,765 - loyalty_model - INFO - logging_config.py:59 - Initial active users calculated: 400.0
2024-12-16 17:44:01,745 - loyalty_model - INFO - logging_config.py:59 - Initializing Financial Model
2024-12-16 17:44:01,746 - loyalty_model - DEBUG - logging_config.py:63 - Starting financial calculations
2024-12-16 17:44:01,747 - loyalty_model - INFO - logging_config.py:59 - Initial active users calculated: 400.0
2024-12-16 17:44:01,751 - loyalty_model - DEBUG - logging_config.py:63 - Starting financial calculations
2024-12-16 17:44:01,752 - loyalty_model - INFO - logging_config.py:59 - Initial active users calculated: 400.0
2024-12-16 17:44:03,085 - loyalty_model - INFO - logging_config.py:59 - Initializing Financial Model
2024-12-16 17:44:03,087 - loyalty_model - DEBUG - logging_config.py:63 - Starting financial calculations
2024-12-16 17:44:03,091 - loyalty_model - INFO - logging_config.py:59 - Initial active users calculated: 400.0
2024-12-16 17:44:03,098 - loyalty_model - DEBUG - logging_config.py:63 - Starting financial calculations
2024-12-16 17:44:03,098 - loyalty_model - INFO - logging_config.py:59 - Initial active users calculated: 400.0
2024-12-16 17:44:16,879 - loyalty_model - INFO - logging_config.py:59 - Initializing Financial Model
2024-12-16 17:44:16,879 - loyalty_model - DEBUG - logging_config.py:63 - Starting financial calculations
2024-12-16 17:44:16,879 - loyalty_model - INFO - logging_config.py:59 - Initial active users calculated: 400.0
2024-12-16 17:44:16,882 - loyalty_model - DEBUG - logging_config.py:63 - Starting financial calculations
2024-12-16 17:44:16,883 - loyalty_model - INFO - logging_config.py:59 - Initial active users calculated: 280.0
2024-12-16 17:44:19,687 - loyalty_model - INFO - logging_config.py:59 - Initializing Financial Model
2024-12-16 17:44:19,690 - loyalty_model - DEBUG - logging_config.py:63 - Starting financial calculations
2024-12-16 17:44:19,692 - loyalty_model - INFO - logging_config.py:59 - Initial active users calculated: 280.0
2024-12-16 17:44:19,696 - loyalty_model - DEBUG - logging_config.py:63 - Starting financial calculations
2024-12-16 17:44:19,698 - loyalty_model - INFO - logging_config.py:59 - Initial active users calculated: 540.0
2024-12-16 17:44:47,044 - loyalty_model - INFO - logging_config.py:59 - Initializing Financial Model
2024-12-16 17:44:47,045 - loyalty_model - DEBUG - logging_config.py:63 - Starting financial calculations
2024-12-16 17:44:47,045 - loyalty_model - INFO - logging_config.py:59 - Initial active users calculated: 540.0
2024-12-16 17:44:47,048 - loyalty_model - DEBUG - logging_config.py:63 - Starting financial calculations
2024-12-16 17:44:47,049 - loyalty_model - INFO - logging_config.py:59 - Initial active users calculated: 280.0
2024-12-16 17:44:50,215 - loyalty_model - INFO - logging_config.py:59 - Initializing Financial Model
2024-12-16 17:44:50,216 - loyalty_model - DEBUG - logging_config.py:63 - Starting financial calculations
2024-12-16 17:44:50,216 - loyalty_model - INFO - logging_config.py:59 - Initial active users calculated: 280.0
2024-12-16 17:44:50,220 - loyalty_model - DEBUG - logging_config.py:63 - Starting financial calculations
2024-12-16 17:44:50,220 - loyalty_model - INFO - logging_config.py:59 - Initial active users calculated: 400.0
2024-12-16 17:46:29,888 - loyalty_model - INFO - logging_config.py:59 - Initializing Financial Model
2024-12-16 17:46:29,893 - loyalty_model - DEBUG - logging_config.py:63 - Starting financial calculations
2024-12-16 17:46:29,903 - loyalty_model - INFO - logging_config.py:59 - Initial active users calculated: 400.0
2024-12-16 17:46:29,907 - loyalty_model - DEBUG - logging_config.py:63 - Starting financial calculations
2024-12-16 17:46:29,907 - loyalty_model - INFO - logging_config.py:59 - Initial active users calculated: 400.0
2024-12-16 17:46:30,065 - loyalty_model - INFO - logging_config.py:59 - Initializing Financial Model
2024-12-16 17:46:30,066 - loyalty_model - DEBUG - logging_config.py:63 - Starting financial calculations
2024-12-16 17:46:30,067 - loyalty_model - INFO - logging_config.py:59 - Initial active users calculated: 400.0
2024-12-16 17:46:30,082 - loyalty_model - DEBUG - logging_config.py:63 - Starting financial calculations
2024-12-16 17:46:30,090 - loyalty_model - INFO - logging_config.py:59 - Initial active users calculated: 400.0
2024-12-16 17:48:23,319 - loyalty_model - INFO - logging_config.py:59 - Initializing Financial Model
2024-12-16 17:48:23,324 - loyalty_model - DEBUG - logging_config.py:63 - Starting financial calculations
2024-12-16 17:48:23,324 - loyalty_model - INFO - logging_config.py:59 - Initial active users calculated: 400.0
2024-12-16 17:48:23,329 - loyalty_model - DEBUG - logging_config.py:63 - Starting financial calculations
2024-12-16 17:48:23,329 - loyalty_model - INFO - logging_config.py:59 - Initial active users calculated: 400.0
2024-12-16 17:49:05,414 - loyalty_model - INFO - logging_config.py:59 - Initializing Financial Model
2024-12-16 17:49:05,414 - loyalty_model - DEBUG - logging_config.py:63 - Starting financial calculations
2024-12-16 17:49:05,414 - loyalty_model - INFO - logging_config.py:59 - Initial active users calculated: 400.0
2024-12-16 17:49:05,419 - loyalty_model - DEBUG - logging_config.py:63 - Starting financial calculations
2024-12-16 17:49:05,419 - loyalty_model - INFO - logging_config.py:59 - Initial active users calculated: 400.0
2024-12-16 17:49:06,832 - loyalty_model - INFO - logging_config.py:59 - Initializing Financial Model
2024-12-16 17:49:06,833 - loyalty_model - DEBUG - logging_config.py:63 - Starting financial calculations
2024-12-16 17:49:06,833 - loyalty_model - INFO - logging_config.py:59 - Initial active users calculated: 400.0
2024-12-16 17:49:06,836 - loyalty_model - DEBUG - logging_config.py:63 - Starting financial calculations
2024-12-16 17:49:06,836 - loyalty_model - INFO - logging_config.py:59 - Initial active users calculated: 400.0
2024-12-16 17:49:40,682 - loyalty_model - INFO - logging_config.py:59 - Initializing Financial Model
2024-12-16 17:49:40,688 - loyalty_model - DEBUG - logging_config.py:63 - Starting financial calculations
2024-12-16 17:49:40,688 - loyalty_model - INFO - logging_config.py:59 - Initial active users calculated: 400.0
2024-12-16 17:49:40,699 - loyalty_model - DEBUG - logging_config.py:63 - Starting financial calculations
2024-12-16 17:49:40,700 - loyalty_model - INFO - logging_config.py:59 - Initial active users calculated: 400.0
2024-12-16 17:50:41,874 - loyalty_model - INFO - logging_config.py:59 - Initializing Financial Model
2024-12-16 17:50:41,875 - loyalty_model - DEBUG - logging_config.py:63 - Starting financial calculations
2024-12-16 17:50:41,876 - loyalty_model - INFO - logging_config.py:59 - Initial active users calculated: 400.0
2024-12-16 17:50:41,880 - loyalty_model - DEBUG - logging_config.py:63 - Starting financial calculations
2024-12-16 17:50:41,884 - loyalty_model - INFO - logging_config.py:59 - Initial active users calculated: 400.0
2024-12-16 17:50:44,732 - loyalty_model - INFO - logging_config.py:59 - Initializing Financial Model
2024-12-16 17:50:44,733 - loyalty_model - DEBUG - logging_config.py:63 - Starting financial calculations
2024-12-16 17:50:44,734 - loyalty_model - INFO - logging_config.py:59 - Initial active users calculated: 400.0
2024-12-16 17:50:44,737 - loyalty_model - DEBUG - logging_config.py:63 - Starting financial calculations
2024-12-16 17:50:44,737 - loyalty_model - INFO - logging_config.py:59 - Initial active users calculated: 400.0
2024-12-16 17:50:47,225 - loyalty_model - INFO - logging_config.py:59 - Initializing Financial Model
2024-12-16 17:50:47,226 - loyalty_model - DEBUG - logging_config.py:63 - Starting financial calculations
2024-12-16 17:50:47,227 - loyalty_model - INFO - logging_config.py:59 - Initial active users calculated: 400.0
2024-12-16 17:50:47,231 - loyalty_model - DEBUG - logging_config.py:63 - Starting financial calculations
2024-12-16 17:50:47,231 - loyalty_model - INFO - logging_config.py:59 - Initial active users calculated: 400.0
2024-12-16 17:52:14,614 - loyalty_model - INFO - logging_config.py:59 - Initializing Financial Model
2024-12-16 17:52:14,629 - loyalty_model - DEBUG - logging_config.py:63 - Starting financial calculations
2024-12-16 17:52:14,634 - loyalty_model - INFO - logging_config.py:59 - Initial active users calculated: 400.0
2024-12-16 17:52:14,654 - loyalty_model - DEBUG - logging_config.py:63 - Starting financial calculations
2024-12-16 17:52:14,660 - loyalty_model - INFO - logging_config.py:59 - Initial active users calculated: 400.0
2024-12-16 17:53:23,405 - loyalty_model - INFO - logging_config.py:59 - Initializing Financial Model
2024-12-16 17:53:23,405 - loyalty_model - DEBUG - logging_config.py:63 - Starting financial calculations
2024-12-16 17:53:23,406 - loyalty_model - INFO - logging_config.py:59 - Initial active users calculated: 400.0
2024-12-16 17:53:23,410 - loyalty_model - DEBUG - logging_config.py:63 - Starting financial calculations
2024-12-16 17:53:23,410 - loyalty_model - INFO - logging_config.py:59 - Initial active users calculated: 400.0
